2018-12-03 16:43:55--- {"mobile":"18695801820","password":"123123"}
2018-12-04 17:29:02--- {"mobile":"18695801820","password":"123123"}
2018-12-04 19:01:15--- {"mobile":"18695801820","password":"123456"}
2018-12-04 19:01:19--- {"mobile":"18695801820","password":"123456"}
2018-12-04 19:01:24--- {"mobile":"18695801820","password":"123456"}
2018-12-04 19:01:28--- {"mobile":"18695801820","password":"123456"}
2018-12-04 19:01:29--- {"mobile":"18695801820","password":"123456"}
2018-12-04 19:01:30--- {"mobile":"18695801820","password":"123456"}
2018-12-04 19:01:31--- {"mobile":"18695801820","password":"123456"}
2018-12-04 19:01:31--- {"mobile":"18695801820","password":"123456"}
2018-12-04 19:01:40--- {"mobile":"18695801820","password":"123123"}
2018-12-04 19:02:17--- {"mobile":"18695801820","password":"123123"}
2018-12-05 11:46:31--- 
2018-12-05 11:48:17--- {
"uid": "1",
"avatar_url": "",
"postId": "52",
"payMethod": "ALIPAY",
"token": "Yltqmm2VY2lsZ56a1"
}
2018-12-05 11:48:30--- {
"uid": "1",
"avatar_url": "",
"postId": "52",
"payMethod": "ALIPAY",
"token": "Yltqmm2VY2lsZ56a1"
}
2018-12-05 11:49:08--- {
"uid": "1",
"avatar_url": "",
"postId": "533",
"payMethod": "ALIPAY",
"token": "Yltqmm2VY2lsZ56a1"
}
2018-12-05 11:49:12--- {
"uid": "1",
"avatar_url": "",
"postId": "53",
"payMethod": "ALIPAY",
"token": "Yltqmm2VY2lsZ56a1"
}
2018-12-05 11:49:33--- {
"uid": "1",
"avatar_url": "",
"postId": "53",
"payMethod": "ALIPAY",
"token": "Yltqmm2VY2lsZ56a1"
}
2018-12-05 11:49:43--- {
"uid": "1",
"avatar_url": "",
"postId": "53",
"payMethod": "ALIPAY",
"token": "Yltqmm2VY2lsZ56a1"
}
2018-12-05 11:49:52--- {
"uid": "1",
"avatar_url": "",
"postId": "53",
"payMethod": "ALIPAY",
"token": "Yltqmm2VY2lsZ56a1"
}
2018-12-05 11:50:22--- {
"uid": "1",
"avatar_url": "",
"postId": "53",
"payMethod": "ALIPAY",
"token": "Yltqmm2VY2lsZ56a1"
}
2018-12-05 11:50:31--- {
"uid": "1",
"avatar_url": "",
"postId": "53",
"payMethod": "ALIPAY",
"token": "Yltqmm2VY2lsZ56a1"
}
2018-12-05 11:50:42--- {
"uid": "1",
"avatar_url": "",
"postId": "53",
"payMethod": "ALIPAY",
"token": "Yltqmm2VY2lsZ56a1"
}
2018-12-06 21:16:01--- {"mobile":"18695801820","password":"123123"}
2018-12-07 01:08:03--- {"mobile":"","password1":"","type":"RU","password2":"","verifyCode":""}
2018-12-07 01:57:24--- {"mobile":"18695801820","password":"123123"}
2018-12-07 01:58:04--- {"mobile":"18695801820","password":"123123"}
2018-12-07 02:47:54--- {
	"token": "Ym1clm6YZWpsa5uVZA==",
	"uid": "15",
	"type": "箱铺出租",
	"title": "Qweqwe",
	"region": "流布利诺",
	"marketing": "服装区",
	"tags": [{
		"电梯": true
	}, {
		"货梯": true
	}, {
		"无线网": false
	}, {
		"空调": true
	}, {
		"电暖气": false
	}],
	"money": "111",
	"area": "222",
	"imgs": ["/upload/img/20181122/ca86592490048183f5434cf85de75149.png", "/upload/img/20181122/257d802afa16bf0163cf3c6d3ffac96d.png"],
	"contacts_man": "Ever",
	"contacts_mobile": "11010101010"
}
2018-12-07 02:47:56--- {
	"token": "Ym1clm6YZWpsa5uVZA==",
	"uid": "15",
	"type": "箱铺出租",
	"title": "Qweqwe",
	"region": "流布利诺",
	"marketing": "服装区",
	"tags": [{
		"电梯": true
	}, {
		"货梯": true
	}, {
		"无线网": false
	}, {
		"空调": true
	}, {
		"电暖气": false
	}],
	"money": "111",
	"area": "222",
	"imgs": ["/upload/img/20181122/ca86592490048183f5434cf85de75149.png", "/upload/img/20181122/257d802afa16bf0163cf3c6d3ffac96d.png"],
	"contacts_man": "Ever",
	"contacts_mobile": "11010101010"
}
2018-12-07 03:31:06--- {
	"token": "Ym1clm6YZWpsa5uVZA==",
	"uid": "15",
	"type": "箱铺出租",
	"title": "Qweqwe",
	"region": "流布利诺",
	"marketing": "服装区",
	"tags": [{
		"电梯": true
	}, {
		"货梯": true
	}, {
		"无线网": false
	}, {
		"空调": true
	}, {
		"电暖气": false
	}],
	"money": "111",
	"area": "222",
	"imgs": ["/upload/img/20181122/ca86592490048183f5434cf85de75149.png", "/upload/img/20181122/257d802afa16bf0163cf3c6d3ffac96d.png"],
	"contacts_man": "Ever",
	"contacts_mobile": "11010101010"
}
2018-12-07 03:31:48--- {
	"token": "Ym1clm6YZWpsa5uVZA==",
	"uid": "15",
	"type": "箱铺出租",
	"title": "Qweqwe",
	"region": "流布利诺",
	"marketing": "服装区",
	"tags": [{
		"电梯": true
	}, {
		"货梯": true
	}, {
		"无线网": false
	}, {
		"空调": true
	}, {
		"电暖气": false
	}],
	"money": "111",
	"area": "222",
	"imgs": ["/upload/img/20181122/ca86592490048183f5434cf85de75149.png", "/upload/img/20181122/257d802afa16bf0163cf3c6d3ffac96d.png"],
	"contacts_man": "Ever",
	"contacts_mobile": "11010101010"
}
2018-12-07 03:39:55--- {
	"token": "Ym1clm6YZWpsa5uVZA==",
	"uid": "15",
	"type": "宾馆",
	"title": "出租宾馆啦333333~~~",
	"region": "流布利诺",
	"marketing": "服装区",
	"tags": [{
		"冰箱": true
	}, {
		"电梯": true
	}, {
		"无线网": false
	}, {
		"空调": true
	}, {
		"电暖气": false
	}],
	"traffic": "1号线",
	"space": "3|2|1",
	"area" : "100",
	"rent" : "50000",
	"middle_man" : 1,
	"deposit_cash" : 1,
	"house_desc" : "xxxxxxxxxxxxxxxxxxxxxxxxxx",
	"imgs": ["/upload/img/20181122/ca86592490048183f5434cf85de75149.png", "/upload/img/20181122/257d802afa16bf0163cf3c6d3ffac96d.png"],
	"contacts_man": "Ever",
	"contacts_mobile": "11010101010"
}
2018-12-07 06:39:35--- {
	"token": "Ym1clm6YZWpsa5uVZA==",
	"uid": "15",
	"type": "国际机票",
	"title": "国际机票怎么定？",
	"content": "国际机票怎么定？国际机票怎么定？国际机票怎么定？国际机票怎么定？国际机票怎么定？",
	"contacts_man": "IceMan",
	"contacts_mobile": "79011111111"
}
2018-12-07 07:03:23--- {
	"token": "Ym1clm6YZWpsa5uVZA==",
	"uid": "15",
	"type": "空运",
	"company": "空运公司001",
	"logo": "/upload/img/20181207/cf9996d3720c1135fe1bc85cf1bac810.png",
	"company_city": "俄罗斯某市",
	"company_info": "空运公司001空运公司001空运公司001空运公司001空运公司001空运公司001？",
	"company_business": "这里是填写业务",
	"contacts_man": "IceMan",
	"contacts_mobile": "79011111111"
}
2018-12-07 07:54:30--- {"token":"Ym1clm6YZ2Vtap2caA==","uid":"15","type":"全职招聘","title":"涛哥牛逼","work_type":"销售人员","industry_type":"物流","salary":"1000","salary_tyle":"卢布","sex":"男","age":"30岁以下","content":"哈哈哈哈","contacts_man":"涛哥","contacts_mobile":"18695801820"}
2018-12-07 08:04:36--- {
	"token": "Ym1clm6YZWpsa5uVZA==",
	"uid": "15",
	"type": "全职招聘",
	"title": "本公司想招聘一名网管",
	"work_type": "网管",
	"industry_type": "电子商务",
	"salary": "100000",
	"salary_type": "RUB",
	"sex": "男",
	"age": "30岁以下",
	"content": "这里填写详细介绍",
	"contacts_man": "IceMan",
	"contacts_mobile": "79011111111"
}
2018-12-07 08:05:39--- {
	"token": "Ym1clm6YZWpsa5uVZA==",
	"uid": "15",
	"type": "全职招聘",
	"title": "本公司想招聘一名网管",
	"work_type": "网管",
	"industry_type": "电子商务",
	"salary": "100000",
	"salary_type": "RUB",
	"sex": "男",
	"age": "30岁以下",
	"content": "这里填写详细介绍",
	"contacts_man": "IceMan",
	"contacts_mobile": "79011111111"
}
2018-12-07 08:07:39--- {
	"token": "Ym1clm6YZWpsa5uVZA==",
	"uid": "15",
	"type": "全职招聘",
	"title": "本公司想招聘一名网管",
	"work_type": "网管",
	"industry_type": "电子商务",
	"salary": "100000",
	"salary_type": "RUB",
	"sex": "男",
	"age": "30岁以下",
	"content": "这里填写详细介绍",
	"contacts_man": "IceMan",
	"contacts_mobile": "79011111111"
}
2018-12-07 08:08:07--- {
	"token": "Ym1clm6YZWpsa5uVZA==",
	"uid": "15",
	"type": "全职招聘",
	"title": "本公司想招聘一名网管",
	"work_type": "网管",
	"industry_type": "电子商务",
	"salary": "100000",
	"salary_type": "RUB",
	"sex": "男",
	"age": "30岁以下",
	"content": "这里填写详细介绍",
	"contacts_man": "IceMan",
	"contacts_mobile": "79011111111"
}
2018-12-07 08:08:24--- {
	"token": "Ym1clm6YZWpsa5uVZA==",
	"uid": "15",
	"type": "全职招聘",
	"title": "本公司想招聘一名网管",
	"work_type": "网管",
	"industry_type": "电子商务",
	"salary": "100000",
	"salary_type": "RUB",
	"sex": "男",
	"age": "30岁以下",
	"content": "这里填写详细介绍",
	"contacts_man": "IceMan",
	"contacts_mobile": "79011111111"
}
2018-12-07 08:14:15--- {	
	"uid":15,
	"token":"Ym1clm6YZWpsa5uVZA==",
	"postId":61,
	"bonusId":1,
	"payMethod":"ALIPAY"
}
2018-12-07 08:14:21--- {	
	"uid":15,
	"token":"Ym1clm6YZWpsa5uVZA==",
	"postId":61,
	"payMethod":"ALIPAY"
}
2018-12-07 08:15:20--- {	
	"uid":15,
	"token":"Ym1clm6YZWpsa5uVZA==",
	"postId":61,
	"bonusId":2,
	"payMethod":"ALIPAY"
}
2018-12-07 08:15:24--- {	
	"uid":15,
	"token":"Ym1clm6YZWpsa5uVZA==",
	"postId":61,
	"bonusId":2,
	"payMethod":"ALIPAY"
}
2018-12-07 08:15:26--- {	
	"uid":15,
	"token":"Ym1clm6YZWpsa5uVZA==",
	"postId":61,
	"bonusId":2,
	"payMethod":"ALIPAY"
}
2018-12-07 08:15:47--- {
	"token": "Ym1clm6YZWpsa5uVZA==",
	"uid": "15",
	"type": "空运",
	"company": "空运公司001",
	"logo": "/upload/img/20181207/cf9996d3720c1135fe1bc85cf1bac810.png",
	"company_city": "俄罗斯某市",
	"company_info": "空运公司001空运公司001空运公司001空运公司001空运公司001空运公司001？",
	"company_business": "这里是填写业务",
	"contacts_man": "IceMan",
	"contacts_mobile": "79011111111"
}
2018-12-07 08:15:55--- {	
	"uid":15,
	"token":"Ym1clm6YZWpsa5uVZA==",
	"postId":62,
	"bonusId":2,
	"payMethod":"ALIPAY"
}
2018-12-07 08:16:20--- {	
	"uid":15,
	"token":"Ym1clm6YZWpsa5uVZA==",
	"postId":62,
	"bonusId":30,
	"payMethod":"ALIPAY"
}
2018-12-07 08:16:22--- {	
	"uid":15,
	"token":"Ym1clm6YZWpsa5uVZA==",
	"postId":62,
	"bonusId":30,
	"payMethod":"ALIPAY"
}
2018-12-07 08:16:23--- {	
	"uid":15,
	"token":"Ym1clm6YZWpsa5uVZA==",
	"postId":62,
	"bonusId":30,
	"payMethod":"ALIPAY"
}
2018-12-07 08:39:53--- {
	"token": "Ym1clm6YZWpsa5uVZA==",
	"uid": "15",
	"type": "国际机票",
	"title": "国际机票怎么定？",
	"content": "国际机票怎么定？国际机票怎么定？国际机票怎么定？国际机票怎么定？国际机票怎么定？",
	"contacts_man": "IceMan",
	"contacts_mobile": "79011111111"
}
2018-12-07 08:41:15--- {
	"token": "Ym1clm6YZWpsa5uVZA==",
	"uid": "15",
	"type": "签证办理",
	"title": "签证办理找谁？找我！！！",
	"content": "签证办理找谁？me！！！！3分钟搞定",
	"contacts_man": "IceMan",
	"contacts_mobile": "79011111111"
}
2018-12-07 08:42:29--- {
	"token": "Ym1clm6YZWpsa5uVZA==",
	"uid": "15",
	"type": "租车用车",
	"title": "租车用车找谁？找我！！！",
	"content": "租车用车？me！！！！免押金！！！！！",
	"contacts_man": "IceMan",
	"contacts_mobile": "79011111111"
}
2018-12-07 08:47:24--- {
	"token": "Ym1clm6YZWpsa5uVZA==",
	"uid": "15",
	"type": "箱铺出租",
	"title": "流布利诺地区箱铺出租",
	"region": "流布利诺",
	"marketing": "服装区",
	"tags": [{
		"电梯": true
	}, {
		"货梯": true
	}, {
		"无线网": false
	}, {
		"空调": true
	}, {
		"电暖气": false
	}],
	"money": "70000",
	"area": "50",
	"imgs": ["/upload/img/20181122/ca86592490048183f5434cf85de75149.png", "/upload/img/20181122/257d802afa16bf0163cf3c6d3ffac96d.png"],
	"contacts_man": "Ever",
	"contacts_mobile": "11010101010"
}
2018-12-07 08:48:43--- 
{
	"token": "Ym1clm6YZWpsa5uVZA==",
	"uid": "15",
	"type": "箱铺出售",
	"title": "19公里地区箱铺售啦",
	"region": "19公里",
	"marketing": "鞋子区",
	"tags": [{
		"电梯": true
	}, {
		"货梯": true
	}, {
		"无线网": true
	}, {
		"空调": true
	}, {
		"电暖气": false
	}],
	"money": "700000",
	"area": "46",
	"imgs": ["/upload/img/20181122/ca86592490048183f5434cf85de75149.png"],
	"contacts_man": "Ever",
	"contacts_mobile": "11010101010"
}
2018-12-07 08:49:18--- {
	"token": "Ym1clm6YZWpsa5uVZA==",
	"uid": "15",
	"type": "全职招聘",
	"title": "本公司想招聘一名网管",
	"work_type": "网管",
	"industry_type": "电子商务",
	"salary": "100000",
	"salary_type": "RUB",
	"sex": "男",
	"age": "30岁以下",
	"content": "这里填写详细介绍",
	"contacts_man": "IceMan",
	"contacts_mobile": "79011111111"
}
2018-12-07 08:51:01--- {
	"token": "Ym1clm6YZWpsa5uVZA==",
	"uid": "15",
	"type": "兼职招聘",
	"title": "我公司意向招一名兼职翻译",
	"work_type": "翻译",
	"industry_type": "教育",
	"salary": "90000",
	"salary_type": "RUB",
	"sex": "男",
	"age": "30岁以下",
	"content": "这里填写详细介绍",
	"contacts_man": "IceMan",
	"contacts_mobile": "79011111111"
}
2018-12-07 08:52:46--- {
	"token": "Ym1clm6YZWpsa5uVZA==",
	"uid": "15",
	"type": "我要求职",
	"title": "我想找一份服务员的工作",
	"work_type": "服务员",
	"industry_type": "餐饮",
	"salary": "50000",
	"salary_type": "RUB",
	"sex": "男",
	"age": "23",
	"content": "这里填写详细介绍",
	"contacts_man": "IceMan",
	"contacts_mobile": "79011111111"
}
2018-12-07 08:54:38--- {
	"token": "Ym1clm6YZWpsa5uVZA==",
	"uid": "15",
	"type": "我要求职02",
	"title": "我想找一份服务员的工作02",
	"work_type": "服务员",
	"industry_type": "餐饮",
	"salary": "40000",
	"salary_type": "RUB",
	"sex": "男",
	"age": "23",
	"content": "这里填写详细介绍02",
	"contacts_man": "IceMan",
	"contacts_mobile": "79011111111"
}
2018-12-07 08:54:55--- {
	"token": "Ym1clm6YZWpsa5uVZA==",
	"uid": "15",
	"type": "我要求职02",
	"title": "我想找一份服务员的工作02",
	"work_type": "服务员",
	"industry_type": "餐饮",
	"salary": "40000",
	"salary_type": "RUB",
	"sex": "男",
	"age": "23",
	"content": "这里填写详细介绍02",
	"contacts_man": "IceMan",
	"contacts_mobile": "79011111111"
}
2018-12-07 08:55:09--- {
	"token": "Ym1clm6YZWpsa5uVZA==",
	"uid": "15",
	"type": "我要求职",
	"title": "我想找一份服务员的工作02",
	"work_type": "服务员",
	"industry_type": "餐饮",
	"salary": "40000",
	"salary_type": "RUB",
	"sex": "男",
	"age": "23",
	"content": "这里填写详细介绍02",
	"contacts_man": "IceMan",
	"contacts_mobile": "79011111111"
}
2018-12-07 08:55:19--- {
	"token": "Ym1clm6YZWpsa5uVZA==",
	"uid": "15",
	"type": "我要求职03",
	"title": "我想找一份服务员的工作03",
	"work_type": "服务员",
	"industry_type": "餐饮",
	"salary": "40000",
	"salary_type": "RUB",
	"sex": "男",
	"age": "23",
	"content": "这里填写详细介绍03",
	"contacts_man": "IceMan",
	"contacts_mobile": "79011111111"
}
2018-12-07 08:55:31--- {
	"token": "Ym1clm6YZWpsa5uVZA==",
	"uid": "15",
	"type": "我要求职",
	"title": "我想找一份服务员的工作03",
	"work_type": "服务员",
	"industry_type": "餐饮",
	"salary": "40000",
	"salary_type": "RUB",
	"sex": "男",
	"age": "23",
	"content": "这里填写详细介绍03",
	"contacts_man": "IceMan",
	"contacts_mobile": "79011111111"
}
2018-12-07 08:58:43--- {
	"token": "Ym1clm6YZWpsa5uVZA==",
	"uid": "15",
	"type": "空运",
	"company": "空运公司001",
	"logo": "/upload/img/20181207/cf9996d3720c1135fe1bc85cf1bac810.png",
	"company_city": "俄罗斯某市",
	"company_info": "空运公司001空运公司001空运公司001空运公司001空运公司001空运公司001？",
	"company_business": "这里是填写业务",
	"contacts_man": "IceMan",
	"contacts_mobile": "79011111111"
}
2018-12-07 08:58:48--- {
	"token": "Ym1clm6YZWpsa5uVZA==",
	"uid": "15",
	"type": "陆运",
	"company": "陆运公司001",
	"logo": "/upload/img/20181207/cf9996d3720c1135fe1bc85cf1bac810.png",
	"company_city": "俄罗斯某市",
	"company_info": "陆运公司001陆运公司001陆运公司001陆运公司001陆运公司001陆运公司001",
	"company_business": "这里是填写业务",
	"contacts_man": "IceMan",
	"contacts_mobile": "79011111111"
}

2018-12-07 08:58:53--- {
	"token": "Ym1clm6YZWpsa5uVZA==",
	"uid": "15",
	"type": "海运",
	"company": "海运公司001",
	"logo": "/upload/img/20181207/cf9996d3720c1135fe1bc85cf1bac810.png",
	"company_city": "俄罗斯某市",
	"company_info": "海运公司001海运公司001海运公司001海运公司001海运公司001海运公司001",
	"company_business": "这里是填写业务",
	"contacts_man": "IceMan",
	"contacts_mobile": "79011111111"
}
2018-12-07 09:05:00--- {
	"token": "Ym1clm6YZWpsa5uVZA==",
	"uid": "15",
	"type": "宾馆",
	"title": "流布利诺地区出租宾馆啦111~~~",
	"tags": [{
		"电梯": true
	}, {
		"厨房": true
	}, {
		"无线网": false
	}, {
		"洗衣机": true
	}, {
		"冰箱": false
	}, {
		"空调": false
	}, {
		"热水": false
	}, {
		"电视": false
	}, {
		"双人床": false
	}, {
		"净水器": false
	}],
	"traffic": "1号线",
	"space": "3|2|1",
	"area" : "38",
	"rent" : "50000",
	"middle_man" : 1,
	"deposit_cash" : 1,
	"house_desc" : "流布利诺地区出租宾馆啦111流布利诺地区出租宾馆啦111流布利诺地区出租宾馆啦111流布利诺地区出租宾馆啦111",
	"imgs": ["/upload/img/20181122/ca86592490048183f5434cf85de75149.png", "/upload/img/20181122/257d802afa16bf0163cf3c6d3ffac96d.png"],
	"contacts_man": "Ever",
	"contacts_mobile": "11010101010"
}
2018-12-07 09:05:06--- {
	"token": "Ym1clm6YZWpsa5uVZA==",
	"uid": "15",
	"type": "整套",
	"title": "流布利诺地区出租宾馆啦111~~~",
	"tags": [{
		"电梯": true
	}, {
		"厨房": false
	}, {
		"无线网": false
	}, {
		"洗衣机": true
	}, {
		"冰箱": false
	}, {
		"空调": false
	}, {
		"热水": false
	}, {
		"电视": false
	}, {
		"双人床": false
	}, {
		"净水器": false
	}],
	"traffic": "2号线",
	"space": "1|2|1",
	"area" : "60",
	"rent" : "50000",
	"middle_man" : 1,
	"deposit_cash" : 1,
	"house_desc" : "流布利诺地区出租宾馆啦111流布利诺地区出租宾馆啦111流布利诺地区出租宾馆啦111流布利诺地区出租宾馆啦111",
	"imgs": ["/upload/img/20181122/ca86592490048183f5434cf85de75149.png", "/upload/img/20181122/257d802afa16bf0163cf3c6d3ffac96d.png"],
	"contacts_man": "Ever",
	"contacts_mobile": "11010101010"
}
2018-12-07 09:05:12--- {
	"token": "Ym1clm6YZWpsa5uVZA==",
	"uid": "15",
	"type": "单整间",
	"title": "单整间单整间单整间单整间单整间~~~",
	"tags": [{
		"电梯": true
	}, {
		"厨房": false
	}, {
		"无线网": false
	}, {
		"洗衣机": true
	}, {
		"冰箱": false
	}, {
		"空调": false
	}, {
		"热水": false
	}, {
		"电视": false
	}, {
		"双人床": false
	}, {
		"净水器": false
	}],
	"traffic": "2号线",
	"space": "1|2|1",
	"area" : "60",
	"rent" : "50000",
	"middle_man" : 1,
	"deposit_cash" : 1,
	"house_desc" : "流布利诺单整间单整间单整间单整间单整间单整间单整间单整间单整间单整间单整间单整间单整间单整间单整间",
	"imgs": ["/upload/img/20181122/ca86592490048183f5434cf85de75149.png", "/upload/img/20181122/257d802afa16bf0163cf3c6d3ffac96d.png"],
	"contacts_man": "Ever",
	"contacts_mobile": "11010101010"
}
2018-12-07 09:05:18--- {
	"token": "Ym1clm6YZWpsa5uVZA==",
	"uid": "15",
	"type": "拼床位",
	"title": "拼床位拼床位拼床位拼床位拼床位拼床位~~~",
	"tags": [{
		"电梯": true
	}, {
		"厨房": false
	}, {
		"无线网": false
	}, {
		"洗衣机": true
	}, {
		"冰箱": false
	}, {
		"空调": false
	}, {
		"热水": false
	}, {
		"电视": false
	}, {
		"双人床": false
	}, {
		"净水器": false
	}],
	"traffic": "2号线",
	"space": "1|2|1",
	"area" : "60",
	"rent" : "50000",
	"middle_man" : 1,
	"deposit_cash" : 1,
	"house_desc" : "拼床位拼床位拼床位拼床位拼床位拼床位拼床位拼床位拼床位拼床位拼床位",
	"imgs": ["/upload/img/20181122/ca86592490048183f5434cf85de75149.png", "/upload/img/20181122/257d802afa16bf0163cf3c6d3ffac96d.png"],
	"contacts_man": "Ever",
	"contacts_mobile": "11010101010"
}
2018-12-07 09:06:29--- {	
	"uid":15,
	"token":"Ym1clm6YZWpsa5uVZA==",
	"postId":63,
	"bonusId":30,
	"payMethod":"ALIPAY"
}
2018-12-07 09:06:30--- {	
	"uid":15,
	"token":"Ym1clm6YZWpsa5uVZA==",
	"postId":63,
	"bonusId":30,
	"payMethod":"ALIPAY"
}
2018-12-07 09:06:30--- {	
	"uid":15,
	"token":"Ym1clm6YZWpsa5uVZA==",
	"postId":63,
	"bonusId":30,
	"payMethod":"ALIPAY"
}
2018-12-07 09:07:42--- {	
	"uid":15,
	"token":"Ym1clm6YZWpsa5uVZA==",
	"postId":63,
	"bonusId":31,
	"payMethod":"ALIPAY"
}
2018-12-07 09:09:45--- {	
	"uid":15,
	"token":"Ym1clm6YZWpsa5uVZA==",
	"postId":63,
	"bonusId":30,
	"payMethod":"ALIPAY"
}
2018-12-07 09:09:56--- {	
	"uid":15,
	"token":"Ym1clm6YZWpsa5uVZA==",
	"postId":63,
	"bonusId":30,
	"payMethod":"ALIPAY"
}
2018-12-07 09:10:16--- {	
	"uid":15,
	"token":"Ym1clm6YZWpsa5uVZA==",
	"postId":63,
	"bonusId":30,
	"payMethod":"ALIPAY"
}
2018-12-07 09:13:11--- {	
	"uid":15,
	"token":"Ym1clm6YZWpsa5uVZA==",
	"postId":63,
	"bonusId":30,
	"payMethod":"ALIPAY"
}
2018-12-07 09:13:34--- {	
	"uid":15,
	"token":"Ym1clm6YZWpsa5uVZA==",
	"postId":63,
	"bonusId":30,
	"payMethod":"ALIPAY"
}
2018-12-07 09:13:46--- {	
	"uid":15,
	"token":"Ym1clm6YZWpsa5uVZA==",
	"postId":63,
	"bonusId":30,
	"payMethod":"ALIPAY"
}
2018-12-07 09:13:53--- {	
	"uid":15,
	"token":"Ym1clm6YZWpsa5uVZA==",
	"postId":63,
	"bonusId":30,
	"payMethod":"ALIPAY"
}
2018-12-07 09:14:13--- {	
	"uid":15,
	"token":"Ym1clm6YZWpsa5uVZA==",
	"postId":63,
	"bonusId":30,
	"payMethod":"ALIPAY"
}
2018-12-07 09:14:45--- {	
	"uid":15,
	"token":"Ym1clm6YZWpsa5uVZA==",
	"postId":63,
	"bonusId":30,
	"payMethod":"ALIPAY"
}
2018-12-07 09:16:08--- {	
	"uid":15,
	"token":"Ym1clm6YZWpsa5uVZA==",
	"postId":63,
	"bonusId":30,
	"payMethod":"ALIPAY"
}
2018-12-07 09:16:11--- {	
	"uid":15,
	"token":"Ym1clm6YZWpsa5uVZA==",
	"postId":63,
	"bonusId":30,
	"payMethod":"ALIPAY"
}
2018-12-07 09:16:39--- {	
	"uid":15,
	"token":"Ym1clm6YZWpsa5uVZA==",
	"postId":63,
	"bonusId":31,
	"payMethod":"ALIPAY"
}
2018-12-07 09:17:04--- {	
	"uid":15,
	"token":"Ym1clm6YZWpsa5uVZA==",
	"postId":64,
	"bonusId":30,
	"payMethod":"ALIPAY"
}
2018-12-07 09:17:07--- {	
	"uid":15,
	"token":"Ym1clm6YZWpsa5uVZA==",
	"postId":64,
	"bonusId":30,
	"payMethod":"ALIPAY"
}
2018-12-07 09:17:10--- {	
	"uid":15,
	"token":"Ym1clm6YZWpsa5uVZA==",
	"postId":65,
	"bonusId":30,
	"payMethod":"ALIPAY"
}
2018-12-07 09:17:20--- {	
	"uid":15,
	"token":"Ym1clm6YZWpsa5uVZA==",
	"postId":66,
	"bonusId":30,
	"payMethod":"ALIPAY"
}
2018-12-07 09:17:47--- {	
	"uid":15,
	"token":"Ym1clm6YZWpsa5uVZA==",
	"postId":67,
	"bonusId":29,
	"payMethod":"ALIPAY"
}
2018-12-07 09:17:50--- {	
	"uid":15,
	"token":"Ym1clm6YZWpsa5uVZA==",
	"postId":67,
	"bonusId":30,
	"payMethod":"ALIPAY"
}
2018-12-07 09:17:57--- {	
	"uid":15,
	"token":"Ym1clm6YZWpsa5uVZA==",
	"postId":68,
	"bonusId":30,
	"payMethod":"ALIPAY"
}
2018-12-07 09:18:01--- {	
	"uid":15,
	"token":"Ym1clm6YZWpsa5uVZA==",
	"postId":69,
	"bonusId":30,
	"payMethod":"ALIPAY"
}
2018-12-07 09:18:06--- {	
	"uid":15,
	"token":"Ym1clm6YZWpsa5uVZA==",
	"postId":70,
	"bonusId":30,
	"payMethod":"ALIPAY"
}
2018-12-07 09:18:35--- {	
	"uid":15,
	"token":"Ym1clm6YZWpsa5uVZA==",
	"postId":70,
	"bonusId":29,
	"payMethod":"ALIPAY"
}
2018-12-07 09:18:43--- {	
	"uid":15,
	"token":"Ym1clm6YZWpsa5uVZA==",
	"postId":71,
	"bonusId":30,
	"payMethod":"ALIPAY"
}
2018-12-07 09:19:59--- {	
	"uid":15,
	"token":"Ym1clm6YZWpsa5uVZA==",
	"postId":71,
	"bonusId":30,
	"payMethod":"ALIPAY"
}
2018-12-07 09:20:01--- {	
	"uid":15,
	"token":"Ym1clm6YZWpsa5uVZA==",
	"postId":71,
	"bonusId":30,
	"payMethod":"ALIPAY"
}
2018-12-07 09:20:08--- {	
	"uid":15,
	"token":"Ym1clm6YZWpsa5uVZA==",
	"postId":72,
	"bonusId":30,
	"payMethod":"ALIPAY"
}
2018-12-07 09:20:12--- {	
	"uid":15,
	"token":"Ym1clm6YZWpsa5uVZA==",
	"postId":74,
	"bonusId":30,
	"payMethod":"ALIPAY"
}
2018-12-07 09:20:15--- {	
	"uid":15,
	"token":"Ym1clm6YZWpsa5uVZA==",
	"postId":75,
	"bonusId":30,
	"payMethod":"ALIPAY"
}
2018-12-07 09:20:22--- {	
	"uid":15,
	"token":"Ym1clm6YZWpsa5uVZA==",
	"postId":76,
	"bonusId":30,
	"payMethod":"ALIPAY"
}
2018-12-07 09:20:26--- {	
	"uid":15,
	"token":"Ym1clm6YZWpsa5uVZA==",
	"postId":77,
	"bonusId":30,
	"payMethod":"ALIPAY"
}
2018-12-07 09:20:31--- {	
	"uid":15,
	"token":"Ym1clm6YZWpsa5uVZA==",
	"postId":78,
	"bonusId":30,
	"payMethod":"ALIPAY"
}
2018-12-07 09:20:35--- {	
	"uid":15,
	"token":"Ym1clm6YZWpsa5uVZA==",
	"postId":79,
	"bonusId":30,
	"payMethod":"ALIPAY"
}
2018-12-07 09:20:39--- {	
	"uid":15,
	"token":"Ym1clm6YZWpsa5uVZA==",
	"postId":80,
	"bonusId":30,
	"payMethod":"ALIPAY"
}
2018-12-07 09:21:40--- {
	"token": "Ym1clm6YZWpsa5uVZA==",
	"uid": "15",
	"type": "拼床位",
	"title": "拼床位拼床位拼床位拼床位拼床位拼床位02~~~",
	"tags": [{
		"电梯": true
	}, {
		"厨房": false
	}, {
		"无线网": false
	}, {
		"洗衣机": true
	}, {
		"冰箱": false
	}, {
		"空调": false
	}, {
		"热水": false
	}, {
		"电视": false
	}, {
		"双人床": false
	}, {
		"净水器": false
	}],
	"traffic": "3号线",
	"space": "1|2|1",
	"area" : "60",
	"rent" : "50000",
	"middle_man" : 1,
	"deposit_cash" : 1,
	"house_desc" : "拼床位拼床位拼床位拼床位拼床位拼床位拼床位拼床位拼床位拼床位拼床位",
	"imgs": ["/upload/img/20181122/ca86592490048183f5434cf85de75149.png", "/upload/img/20181122/257d802afa16bf0163cf3c6d3ffac96d.png"],
	"contacts_man": "Ever",
	"contacts_mobile": "11010101010"
}
2018-12-07 09:21:52--- {	
	"uid":15,
	"token":"Ym1clm6YZWpsa5uVZA==",
	"postId":81,
	"bonusId":30,
	"payMethod":"ALIPAY"
}
2018-12-07 09:34:29--- {	
	"uid":15,
	"token":"Ym1clm6YZWpsa5uVZA==",
	"postId":81,
	"bonusId":30,
	"payMethod":"ALIPAY"
}
2018-12-07 09:34:30--- {	
	"uid":15,
	"token":"Ym1clm6YZWpsa5uVZA==",
	"postId":81,
	"bonusId":30,
	"payMethod":"ALIPAY"
}
2018-12-07 09:37:07--- {	
	"uid":15,
	"token":"Ym1clm6YZWpsa5uVZA==",
	"postId":81,
	"bonusId":30,
	"payMethod":"ALIPAY"
}
2018-12-07 09:40:07--- {	
	"uid":15,
	"token":"Ym1clm6YZWpsa5uVZA==",
	"postId":81,
	"bonusId":30,
	"payMethod":"ALIPAY"
}
2018-12-07 09:40:11--- {	
	"uid":15,
	"token":"Ym1clm6YZWpsa5uVZA==",
	"postId":81,
	"bonusId":30,
	"payMethod":"ALIPAY"
}
2018-12-07 09:40:12--- {	
	"uid":15,
	"token":"Ym1clm6YZWpsa5uVZA==",
	"postId":81,
	"bonusId":30,
	"payMethod":"ALIPAY"
}
2018-12-07 09:40:26--- {	
	"uid":15,
	"token":"Ym1clm6YZWpsa5uVZA==",
	"postId":81,
	"bonusId":30,
	"payMethod":"ALIPAY"
}
2018-12-07 09:40:40--- {	
	"uid":15,
	"token":"Ym1clm6YZWpsa5uVZA==",
	"postId":81,
	"bonusId":30,
	"payMethod":"ALIPAY"
}
2018-12-07 09:41:22--- {	
	"uid":15,
	"token":"Ym1clm6YZWpsa5uVZA==",
	"postId":81,
	"bonusId":30,
	"payMethod":"ALIPAY"
}
2018-12-07 09:44:24--- {	
	"uid":15,
	"token":"Ym1clm6YZWpsa5uVZA==",
	"postId":63,
	"bonusId":33,
	"payMethod":"ALIPAY"
}
2018-12-07 09:45:06--- {	
	"uid":15,
	"token":"Ym1clm6YZWpsa5uVZA==",
	"postId":64,
	"bonusId":30,
	"payMethod":"ALIPAY"
}
2018-12-07 09:45:10--- {	
	"uid":15,
	"token":"Ym1clm6YZWpsa5uVZA==",
	"postId":65,
	"bonusId":30,
	"payMethod":"ALIPAY"
}
2018-12-07 09:45:14--- {	
	"uid":15,
	"token":"Ym1clm6YZWpsa5uVZA==",
	"postId":66,
	"bonusId":30,
	"payMethod":"ALIPAY"
}
2018-12-07 09:45:17--- {	
	"uid":15,
	"token":"Ym1clm6YZWpsa5uVZA==",
	"postId":67,
	"bonusId":30,
	"payMethod":"ALIPAY"
}
2018-12-07 09:45:22--- {	
	"uid":15,
	"token":"Ym1clm6YZWpsa5uVZA==",
	"postId":68,
	"bonusId":30,
	"payMethod":"ALIPAY"
}
2018-12-07 09:45:25--- {	
	"uid":15,
	"token":"Ym1clm6YZWpsa5uVZA==",
	"postId":69,
	"bonusId":30,
	"payMethod":"ALIPAY"
}
2018-12-07 09:45:38--- {	
	"uid":15,
	"token":"Ym1clm6YZWpsa5uVZA==",
	"postId":70,
	"bonusId":30,
	"payMethod":"ALIPAY"
}
2018-12-07 09:45:42--- {	
	"uid":15,
	"token":"Ym1clm6YZWpsa5uVZA==",
	"postId":70,
	"bonusId":29,
	"payMethod":"ALIPAY"
}
2018-12-07 09:46:28--- {	
	"uid":15,
	"token":"Ym1clm6YZWpsa5uVZA==",
	"postId":70,
	"bonusId":30,
	"payMethod":"ALIPAY"
}
2018-12-07 09:46:40--- {	
	"uid":15,
	"token":"Ym1clm6YZWpsa5uVZA==",
	"postId":70,
	"bonusId":29,
	"payMethod":"ALIPAY"
}
2018-12-07 09:47:31--- {	
	"uid":15,
	"token":"Ym1clm6YZWpsa5uVZA==",
	"postId":70,
	"bonusId":29,
	"payMethod":"ALIPAY"
}
2018-12-07 09:48:16--- {	
	"uid":15,
	"token":"Ym1clm6YZWpsa5uVZA==",
	"postId":70,
	"bonusId":29,
	"payMethod":"ALIPAY"
}
2018-12-07 09:48:48--- {	
	"uid":15,
	"token":"Ym1clm6YZWpsa5uVZA==",
	"postId":70,
	"bonusId":29,
	"payMethod":"ALIPAY"
}
2018-12-07 09:49:28--- {	
	"uid":15,
	"token":"Ym1clm6YZWpsa5uVZA==",
	"postId":70,
	"bonusId":29,
	"payMethod":"ALIPAY"
}
2018-12-07 09:49:35--- {	
	"uid":15,
	"token":"Ym1clm6YZWpsa5uVZA==",
	"postId":71,
	"bonusId":30,
	"payMethod":"ALIPAY"
}
2018-12-07 09:49:45--- {	
	"uid":15,
	"token":"Ym1clm6YZWpsa5uVZA==",
	"postId":74,
	"bonusId":30,
	"payMethod":"ALIPAY"
}
2018-12-07 09:49:49--- {	
	"uid":15,
	"token":"Ym1clm6YZWpsa5uVZA==",
	"postId":75,
	"bonusId":30,
	"payMethod":"ALIPAY"
}
2018-12-07 09:49:52--- {	
	"uid":15,
	"token":"Ym1clm6YZWpsa5uVZA==",
	"postId":76,
	"bonusId":30,
	"payMethod":"ALIPAY"
}
2018-12-07 09:49:56--- {	
	"uid":15,
	"token":"Ym1clm6YZWpsa5uVZA==",
	"postId":77,
	"bonusId":30,
	"payMethod":"ALIPAY"
}
2018-12-07 09:49:59--- {	
	"uid":15,
	"token":"Ym1clm6YZWpsa5uVZA==",
	"postId":78,
	"bonusId":30,
	"payMethod":"ALIPAY"
}
2018-12-07 09:50:02--- {	
	"uid":15,
	"token":"Ym1clm6YZWpsa5uVZA==",
	"postId":79,
	"bonusId":30,
	"payMethod":"ALIPAY"
}
2018-12-07 09:50:05--- {	
	"uid":15,
	"token":"Ym1clm6YZWpsa5uVZA==",
	"postId":80,
	"bonusId":30,
	"payMethod":"ALIPAY"
}
2018-12-07 09:50:08--- {	
	"uid":15,
	"token":"Ym1clm6YZWpsa5uVZA==",
	"postId":81,
	"bonusId":30,
	"payMethod":"ALIPAY"
}
2018-12-07 09:50:32--- {
	"token": "Ym1clm6YZWpsa5uVZA==",
	"uid": "15",
	"type": "我要求职",
	"title": "我想找一份服务员的工作04~",
	"work_type": "服务员",
	"industry_type": "餐饮",
	"salary": "30000",
	"salary_type": "RUB",
	"sex": "男",
	"age": "23",
	"content": "这里填写详细介绍04~~~",
	"contacts_man": "IceMan",
	"contacts_mobile": "79011111111"
}
2018-12-07 09:50:49--- {	
	"uid":15,
	"token":"Ym1clm6YZWpsa5uVZA==",
	"postId":82,
	"bonusId":30,
	"payMethod":"ALIPAY"
}
2018-12-07 09:50:55--- {	
	"uid":15,
	"token":"Ym1clm6YZWpsa5uVZA==",
	"postId":82,
	"payMethod":"ALIPAY"
}
2018-12-08 02:19:46--- {
	"token": "Ym1clm6YZWpsa5uVZA==",
	"uid": "15",
	"type": "宾馆",
	"title": "流布利诺地区出租宾馆啦111~~~",
	"tags": [{
		"电梯": true
	}, {
		"厨房": true
	}, {
		"无线网": false
	}, {
		"洗衣机": true
	}, {
		"冰箱": false
	}, {
		"空调": false
	}, {
		"热水": false
	}, {
		"电视": false
	}, {
		"双人床": false
	}, {
		"净水器": false
	}],
	"traffic": "1号线",
	"space": "3|2|1",
	"area" : "38",
	"rent" : "50000",
	"middle_man" : 1,
	"deposit_cash" : 1,
	"house_desc" : "流布利诺地区出租宾馆啦111流布利诺地区出租宾馆啦111流布利诺地区出租宾馆啦111流布利诺地区出租宾馆啦111",
	"imgs": ["/upload/img/20181122/ca86592490048183f5434cf85de75149.png", "/upload/img/20181122/257d802afa16bf0163cf3c6d3ffac96d.png"],
	"contacts_man": "Ever",
	"contacts_mobile": "11010101010"
}
2018-12-08 02:19:47--- {
	"token": "Ym1clm6YZWpsa5uVZA==",
	"uid": "15",
	"type": "宾馆",
	"title": "流布利诺地区出租宾馆啦111~~~",
	"tags": [{
		"电梯": true
	}, {
		"厨房": true
	}, {
		"无线网": false
	}, {
		"洗衣机": true
	}, {
		"冰箱": false
	}, {
		"空调": false
	}, {
		"热水": false
	}, {
		"电视": false
	}, {
		"双人床": false
	}, {
		"净水器": false
	}],
	"traffic": "1号线",
	"space": "3|2|1",
	"area" : "38",
	"rent" : "50000",
	"middle_man" : 1,
	"deposit_cash" : 1,
	"house_desc" : "流布利诺地区出租宾馆啦111流布利诺地区出租宾馆啦111流布利诺地区出租宾馆啦111流布利诺地区出租宾馆啦111",
	"imgs": ["/upload/img/20181122/ca86592490048183f5434cf85de75149.png", "/upload/img/20181122/257d802afa16bf0163cf3c6d3ffac96d.png"],
	"contacts_man": "Ever",
	"contacts_mobile": "11010101010"
}
2018-12-08 02:19:48--- {
	"token": "Ym1clm6YZWpsa5uVZA==",
	"uid": "15",
	"type": "宾馆",
	"title": "流布利诺地区出租宾馆啦111~~~",
	"tags": [{
		"电梯": true
	}, {
		"厨房": true
	}, {
		"无线网": false
	}, {
		"洗衣机": true
	}, {
		"冰箱": false
	}, {
		"空调": false
	}, {
		"热水": false
	}, {
		"电视": false
	}, {
		"双人床": false
	}, {
		"净水器": false
	}],
	"traffic": "1号线",
	"space": "3|2|1",
	"area" : "38",
	"rent" : "50000",
	"middle_man" : 1,
	"deposit_cash" : 1,
	"house_desc" : "流布利诺地区出租宾馆啦111流布利诺地区出租宾馆啦111流布利诺地区出租宾馆啦111流布利诺地区出租宾馆啦111",
	"imgs": ["/upload/img/20181122/ca86592490048183f5434cf85de75149.png", "/upload/img/20181122/257d802afa16bf0163cf3c6d3ffac96d.png"],
	"contacts_man": "Ever",
	"contacts_mobile": "11010101010"
}
2018-12-08 02:19:49--- {
	"token": "Ym1clm6YZWpsa5uVZA==",
	"uid": "15",
	"type": "宾馆",
	"title": "流布利诺地区出租宾馆啦111~~~",
	"tags": [{
		"电梯": true
	}, {
		"厨房": true
	}, {
		"无线网": false
	}, {
		"洗衣机": true
	}, {
		"冰箱": false
	}, {
		"空调": false
	}, {
		"热水": false
	}, {
		"电视": false
	}, {
		"双人床": false
	}, {
		"净水器": false
	}],
	"traffic": "1号线",
	"space": "3|2|1",
	"area" : "38",
	"rent" : "50000",
	"middle_man" : 1,
	"deposit_cash" : 1,
	"house_desc" : "流布利诺地区出租宾馆啦111流布利诺地区出租宾馆啦111流布利诺地区出租宾馆啦111流布利诺地区出租宾馆啦111",
	"imgs": ["/upload/img/20181122/ca86592490048183f5434cf85de75149.png", "/upload/img/20181122/257d802afa16bf0163cf3c6d3ffac96d.png"],
	"contacts_man": "Ever",
	"contacts_mobile": "11010101010"
}
2018-12-08 02:19:50--- {
	"token": "Ym1clm6YZWpsa5uVZA==",
	"uid": "15",
	"type": "宾馆",
	"title": "流布利诺地区出租宾馆啦111~~~",
	"tags": [{
		"电梯": true
	}, {
		"厨房": true
	}, {
		"无线网": false
	}, {
		"洗衣机": true
	}, {
		"冰箱": false
	}, {
		"空调": false
	}, {
		"热水": false
	}, {
		"电视": false
	}, {
		"双人床": false
	}, {
		"净水器": false
	}],
	"traffic": "1号线",
	"space": "3|2|1",
	"area" : "38",
	"rent" : "50000",
	"middle_man" : 1,
	"deposit_cash" : 1,
	"house_desc" : "流布利诺地区出租宾馆啦111流布利诺地区出租宾馆啦111流布利诺地区出租宾馆啦111流布利诺地区出租宾馆啦111",
	"imgs": ["/upload/img/20181122/ca86592490048183f5434cf85de75149.png", "/upload/img/20181122/257d802afa16bf0163cf3c6d3ffac96d.png"],
	"contacts_man": "Ever",
	"contacts_mobile": "11010101010"
}
2018-12-08 02:19:51--- {
	"token": "Ym1clm6YZWpsa5uVZA==",
	"uid": "15",
	"type": "宾馆",
	"title": "流布利诺地区出租宾馆啦111~~~",
	"tags": [{
		"电梯": true
	}, {
		"厨房": true
	}, {
		"无线网": false
	}, {
		"洗衣机": true
	}, {
		"冰箱": false
	}, {
		"空调": false
	}, {
		"热水": false
	}, {
		"电视": false
	}, {
		"双人床": false
	}, {
		"净水器": false
	}],
	"traffic": "1号线",
	"space": "3|2|1",
	"area" : "38",
	"rent" : "50000",
	"middle_man" : 1,
	"deposit_cash" : 1,
	"house_desc" : "流布利诺地区出租宾馆啦111流布利诺地区出租宾馆啦111流布利诺地区出租宾馆啦111流布利诺地区出租宾馆啦111",
	"imgs": ["/upload/img/20181122/ca86592490048183f5434cf85de75149.png", "/upload/img/20181122/257d802afa16bf0163cf3c6d3ffac96d.png"],
	"contacts_man": "Ever",
	"contacts_mobile": "11010101010"
}
2018-12-08 02:19:52--- {
	"token": "Ym1clm6YZWpsa5uVZA==",
	"uid": "15",
	"type": "宾馆",
	"title": "流布利诺地区出租宾馆啦111~~~",
	"tags": [{
		"电梯": true
	}, {
		"厨房": true
	}, {
		"无线网": false
	}, {
		"洗衣机": true
	}, {
		"冰箱": false
	}, {
		"空调": false
	}, {
		"热水": false
	}, {
		"电视": false
	}, {
		"双人床": false
	}, {
		"净水器": false
	}],
	"traffic": "1号线",
	"space": "3|2|1",
	"area" : "38",
	"rent" : "50000",
	"middle_man" : 1,
	"deposit_cash" : 1,
	"house_desc" : "流布利诺地区出租宾馆啦111流布利诺地区出租宾馆啦111流布利诺地区出租宾馆啦111流布利诺地区出租宾馆啦111",
	"imgs": ["/upload/img/20181122/ca86592490048183f5434cf85de75149.png", "/upload/img/20181122/257d802afa16bf0163cf3c6d3ffac96d.png"],
	"contacts_man": "Ever",
	"contacts_mobile": "11010101010"
}
2018-12-08 02:19:53--- {
	"token": "Ym1clm6YZWpsa5uVZA==",
	"uid": "15",
	"type": "宾馆",
	"title": "流布利诺地区出租宾馆啦111~~~",
	"tags": [{
		"电梯": true
	}, {
		"厨房": true
	}, {
		"无线网": false
	}, {
		"洗衣机": true
	}, {
		"冰箱": false
	}, {
		"空调": false
	}, {
		"热水": false
	}, {
		"电视": false
	}, {
		"双人床": false
	}, {
		"净水器": false
	}],
	"traffic": "1号线",
	"space": "3|2|1",
	"area" : "38",
	"rent" : "50000",
	"middle_man" : 1,
	"deposit_cash" : 1,
	"house_desc" : "流布利诺地区出租宾馆啦111流布利诺地区出租宾馆啦111流布利诺地区出租宾馆啦111流布利诺地区出租宾馆啦111",
	"imgs": ["/upload/img/20181122/ca86592490048183f5434cf85de75149.png", "/upload/img/20181122/257d802afa16bf0163cf3c6d3ffac96d.png"],
	"contacts_man": "Ever",
	"contacts_mobile": "11010101010"
}
2018-12-08 02:19:53--- {
	"token": "Ym1clm6YZWpsa5uVZA==",
	"uid": "15",
	"type": "宾馆",
	"title": "流布利诺地区出租宾馆啦111~~~",
	"tags": [{
		"电梯": true
	}, {
		"厨房": true
	}, {
		"无线网": false
	}, {
		"洗衣机": true
	}, {
		"冰箱": false
	}, {
		"空调": false
	}, {
		"热水": false
	}, {
		"电视": false
	}, {
		"双人床": false
	}, {
		"净水器": false
	}],
	"traffic": "1号线",
	"space": "3|2|1",
	"area" : "38",
	"rent" : "50000",
	"middle_man" : 1,
	"deposit_cash" : 1,
	"house_desc" : "流布利诺地区出租宾馆啦111流布利诺地区出租宾馆啦111流布利诺地区出租宾馆啦111流布利诺地区出租宾馆啦111",
	"imgs": ["/upload/img/20181122/ca86592490048183f5434cf85de75149.png", "/upload/img/20181122/257d802afa16bf0163cf3c6d3ffac96d.png"],
	"contacts_man": "Ever",
	"contacts_mobile": "11010101010"
}
2018-12-08 02:19:54--- {
	"token": "Ym1clm6YZWpsa5uVZA==",
	"uid": "15",
	"type": "宾馆",
	"title": "流布利诺地区出租宾馆啦111~~~",
	"tags": [{
		"电梯": true
	}, {
		"厨房": true
	}, {
		"无线网": false
	}, {
		"洗衣机": true
	}, {
		"冰箱": false
	}, {
		"空调": false
	}, {
		"热水": false
	}, {
		"电视": false
	}, {
		"双人床": false
	}, {
		"净水器": false
	}],
	"traffic": "1号线",
	"space": "3|2|1",
	"area" : "38",
	"rent" : "50000",
	"middle_man" : 1,
	"deposit_cash" : 1,
	"house_desc" : "流布利诺地区出租宾馆啦111流布利诺地区出租宾馆啦111流布利诺地区出租宾馆啦111流布利诺地区出租宾馆啦111",
	"imgs": ["/upload/img/20181122/ca86592490048183f5434cf85de75149.png", "/upload/img/20181122/257d802afa16bf0163cf3c6d3ffac96d.png"],
	"contacts_man": "Ever",
	"contacts_mobile": "11010101010"
}
2018-12-08 02:19:55--- {
	"token": "Ym1clm6YZWpsa5uVZA==",
	"uid": "15",
	"type": "宾馆",
	"title": "流布利诺地区出租宾馆啦111~~~",
	"tags": [{
		"电梯": true
	}, {
		"厨房": true
	}, {
		"无线网": false
	}, {
		"洗衣机": true
	}, {
		"冰箱": false
	}, {
		"空调": false
	}, {
		"热水": false
	}, {
		"电视": false
	}, {
		"双人床": false
	}, {
		"净水器": false
	}],
	"traffic": "1号线",
	"space": "3|2|1",
	"area" : "38",
	"rent" : "50000",
	"middle_man" : 1,
	"deposit_cash" : 1,
	"house_desc" : "流布利诺地区出租宾馆啦111流布利诺地区出租宾馆啦111流布利诺地区出租宾馆啦111流布利诺地区出租宾馆啦111",
	"imgs": ["/upload/img/20181122/ca86592490048183f5434cf85de75149.png", "/upload/img/20181122/257d802afa16bf0163cf3c6d3ffac96d.png"],
	"contacts_man": "Ever",
	"contacts_mobile": "11010101010"
}
2018-12-08 02:20:19--- {	
	"uid":15,
	"token":"Ym1clm6YZWpsa5uVZA==",
	"postId":83,
	"bonusId":30,
	"payMethod":"ALIPAY"
}
2018-12-08 02:20:24--- {	
	"uid":15,
	"token":"Ym1clm6YZWpsa5uVZA==",
	"postId":84,
	"bonusId":30,
	"payMethod":"ALIPAY"
}
2018-12-08 02:20:27--- {	
	"uid":15,
	"token":"Ym1clm6YZWpsa5uVZA==",
	"postId":85,
	"bonusId":30,
	"payMethod":"ALIPAY"
}
2018-12-08 02:20:30--- {	
	"uid":15,
	"token":"Ym1clm6YZWpsa5uVZA==",
	"postId":86,
	"bonusId":30,
	"payMethod":"ALIPAY"
}
2018-12-08 02:20:33--- {	
	"uid":15,
	"token":"Ym1clm6YZWpsa5uVZA==",
	"postId":87,
	"bonusId":30,
	"payMethod":"ALIPAY"
}
2018-12-08 02:20:37--- {	
	"uid":15,
	"token":"Ym1clm6YZWpsa5uVZA==",
	"postId":88,
	"bonusId":30,
	"payMethod":"ALIPAY"
}
2018-12-08 02:20:38--- {	
	"uid":15,
	"token":"Ym1clm6YZWpsa5uVZA==",
	"postId":88,
	"bonusId":30,
	"payMethod":"ALIPAY"
}
2018-12-08 02:20:38--- {	
	"uid":15,
	"token":"Ym1clm6YZWpsa5uVZA==",
	"postId":88,
	"bonusId":30,
	"payMethod":"ALIPAY"
}
2018-12-08 02:20:39--- {	
	"uid":15,
	"token":"Ym1clm6YZWpsa5uVZA==",
	"postId":88,
	"bonusId":30,
	"payMethod":"ALIPAY"
}
2018-12-08 02:20:42--- {	
	"uid":15,
	"token":"Ym1clm6YZWpsa5uVZA==",
	"postId":89,
	"bonusId":30,
	"payMethod":"ALIPAY"
}
2018-12-08 02:20:45--- {	
	"uid":15,
	"token":"Ym1clm6YZWpsa5uVZA==",
	"postId":90,
	"bonusId":30,
	"payMethod":"ALIPAY"
}
2018-12-08 02:20:49--- {	
	"uid":15,
	"token":"Ym1clm6YZWpsa5uVZA==",
	"postId":91,
	"bonusId":30,
	"payMethod":"ALIPAY"
}
2018-12-08 02:20:59--- {	
	"uid":15,
	"token":"Ym1clm6YZWpsa5uVZA==",
	"postId":92,
	"bonusId":30,
	"payMethod":"ALIPAY"
}
2018-12-08 02:21:03--- {	
	"uid":15,
	"token":"Ym1clm6YZWpsa5uVZA==",
	"postId":92,
	"bonusId":30,
	"payMethod":"ALIPAY"
}
2018-12-08 02:21:12--- {	
	"uid":15,
	"token":"Ym1clm6YZWpsa5uVZA==",
	"postId":93,
	"bonusId":30,
	"payMethod":"ALIPAY"
}
2018-12-08 02:21:13--- {	
	"uid":15,
	"token":"Ym1clm6YZWpsa5uVZA==",
	"postId":93,
	"bonusId":30,
	"payMethod":"ALIPAY"
}
2018-12-08 02:21:17--- {	
	"uid":15,
	"token":"Ym1clm6YZWpsa5uVZA==",
	"postId":94,
	"bonusId":30,
	"payMethod":"ALIPAY"
}
2018-12-09 05:57:28--- {
	"token": "Ym1clm6YZWpsa5uVZA==",
	"uid": "15",
	"type": "租车用车",
	"title": "租车用车找谁002！",
	"content": "租车用车？me！！！！免押金！！！！！",
	"contacts_man": "IceMan",
	"contacts_mobile": "79011111111"
}
2018-12-09 05:57:43--- {	
	"uid":15,
	"token":"Ym1clm6YZWpsa5uVZA==",
	"postId":94,
	"bonusId":34,
	"payMethod":"ALIPAY"
}
2018-12-09 05:58:45--- {	
	"uid":15,
	"token":"Ym1clm6YZWpsa5uVZA==",
	"postId":94,
	"bonusId":34,
	"payMethod":"ALIPAY"
}
2018-12-09 05:58:53--- {	
	"uid":15,
	"token":"Ym1clm6YZWpsa5uVZA==",
	"postId":94,
	"bonusId":34,
	"payMethod":"ALIPAY"
}
2018-12-09 05:59:27--- {	
	"uid":15,
	"token":"Ym1clm6YZWpsa5uVZA==",
	"postId":94,
	"bonusId":34,
	"payMethod":"ALIPAY"
}
2018-12-09 05:59:46--- {	
	"uid":15,
	"token":"Ym1clm6YZWpsa5uVZA==",
	"postId":94,
	"bonusId":34,
	"payMethod":"ALIPAY"
}
2018-12-09 06:00:01--- {	
	"uid":15,
	"token":"Ym1clm6YZWpsa5uVZA==",
	"postId":94,
	"bonusId":34,
	"payMethod":"ALIPAY"
}
2018-12-09 06:00:13--- {	
	"uid":15,
	"token":"Ym1clm6YZWpsa5uVZA==",
	"postId":94,
	"bonusId":34,
	"payMethod":"ALIPAY"
}
2018-12-09 06:00:17--- {	
	"uid":15,
	"token":"Ym1clm6YZWpsa5uVZA==",
	"postId":94,
	"bonusId":34,
	"payMethod":"ALIPAY"
}
2018-12-09 06:00:45--- {	
	"uid":15,
	"token":"Ym1clm6YZWpsa5uVZA==",
	"postId":94,
	"bonusId":34,
	"payMethod":"ALIPAY"
}
2018-12-09 06:02:04--- {	
	"uid":15,
	"token":"Ym1clm6YZWpsa5uVZA==",
	"postId":94,
	"bonusId":34,
	"payMethod":"ALIPAY"
}
2018-12-09 06:02:05--- {	
	"uid":15,
	"token":"Ym1clm6YZWpsa5uVZA==",
	"postId":94,
	"bonusId":34,
	"payMethod":"ALIPAY"
}
2018-12-09 06:02:07--- {	
	"uid":15,
	"token":"Ym1clm6YZWpsa5uVZA==",
	"postId":94,
	"bonusId":34,
	"payMethod":"ALIPAY"
}
2018-12-10 10:11:49--- {"mobile":"18695801820","password":"123123"}
2018-12-13 15:43:44--- {	
	"uid":15,
	"token":"Ym1clm6YZWpsa5uVZA==",
	"postId":74,
	"bonusId":30,
	"payMethod":"ALIPAY"
}
2018-12-13 15:45:42--- {	
	"uid":15,
	"token":"Ym1clm6YZWpsa5uVZA==",
	"postId":74,
	"bonusId":30,
	"payMethod":"ALIPAY"
}
2018-12-13 15:45:44--- {	
	"uid":15,
	"token":"Ym1clm6YZWpsa5uVZA==",
	"postId":74,
	"bonusId":30,
	"payMethod":"ALIPAY"
}
2018-12-13 15:47:05--- {	
	"uid":15,
	"token":"Ym1clm6YZWpsa5uVZA==",
	"postId":74,
	"bonusId":30,
	"payMethod":"ALIPAY"
}
2018-12-13 15:48:17--- {	
	"uid":15,
	"token":"Ym1clm6YZWpsa5uVZA==",
	"postId":74,
	"bonusId":30,
	"payMethod":"ALIPAY"
}
2018-12-13 15:49:02--- {	
	"uid":15,
	"token":"Ym1clm6YZWpsa5uVZA==",
	"postId":75,
	"bonusId":30,
	"payMethod":"ALIPAY"
}
2018-12-13 15:49:11--- {	
	"uid":15,
	"token":"Ym1clm6YZWpsa5uVZA==",
	"postId":76,
	"bonusId":30,
	"payMethod":"ALIPAY"
}
2018-12-13 15:51:55--- {
	"token": "Ym1clm6YZWpsa5uVZA==",
	"uid": "15",
	"type": "租车用车",
	"title": "租车用车找谁003！",
	"content": "租车用车？me！！！！免押金！！！！！",
	"contacts_man": "IceMan",
	"contacts_mobile": "79011111111"
}
2018-12-13 15:52:00--- {
	"token": "Ym1clm6YZWpsa5uVZA==",
	"uid": "15",
	"type": "租车用车",
	"title": "租车用车找谁004！",
	"content": "租车用车？me！！！！免押金！！！！！",
	"contacts_man": "IceMan",
	"contacts_mobile": "79011111111"
}
2018-12-13 15:52:05--- {
	"token": "Ym1clm6YZWpsa5uVZA==",
	"uid": "15",
	"type": "租车用车",
	"title": "租车用车找谁005！",
	"content": "租车用车？me！！！！免押金！！！！！",
	"contacts_man": "IceMan",
	"contacts_mobile": "79011111111"
}
2018-12-13 15:52:13--- {
	"token": "Ym1clm6YZWpsa5uVZA==",
	"uid": "15",
	"type": "租车用车",
	"title": "租车用车找谁006！",
	"content": "租车用车？me！！！！免押金！！！！！",
	"contacts_man": "IceMan",
	"contacts_mobile": "79011111111"
}
2018-12-13 15:52:22--- {
	"token": "Ym1clm6YZWpsa5uVZA==",
	"uid": "15",
	"type": "租车用车",
	"title": "租车用车找谁007！",
	"content": "租车用车？me！！！！免押金！！！！！",
	"contacts_man": "IceMan",
	"contacts_mobile": "79011111111"
}
2018-12-13 15:52:25--- {
	"token": "Ym1clm6YZWpsa5uVZA==",
	"uid": "15",
	"type": "租车用车",
	"title": "租车用车找谁008！",
	"content": "租车用车？me！！！！免押金！！！！！",
	"contacts_man": "IceMan",
	"contacts_mobile": "79011111111"
}
2018-12-13 15:52:30--- {
	"token": "Ym1clm6YZWpsa5uVZA==",
	"uid": "15",
	"type": "租车用车",
	"title": "租车用车找谁009！",
	"content": "租车用车？me！！！！免押金！！！！！",
	"contacts_man": "IceMan",
	"contacts_mobile": "79011111111"
}
2018-12-13 15:52:36--- {
	"token": "Ym1clm6YZWpsa5uVZA==",
	"uid": "15",
	"type": "租车用车",
	"title": "租车用车找谁0010！",
	"content": "租车用车？me！！！！免押金！！！！！",
	"contacts_man": "IceMan",
	"contacts_mobile": "79011111111"
}
2018-12-13 15:52:43--- {	
	"uid":15,
	"token":"Ym1clm6YZWpsa5uVZA==",
	"postId":95,
	"bonusId":30,
	"payMethod":"ALIPAY"
}
2018-12-13 15:52:48--- {	
	"uid":15,
	"token":"Ym1clm6YZWpsa5uVZA==",
	"postId":96,
	"bonusId":30,
	"payMethod":"ALIPAY"
}
2018-12-13 15:52:54--- {	
	"uid":15,
	"token":"Ym1clm6YZWpsa5uVZA==",
	"postId":97,
	"bonusId":30,
	"payMethod":"ALIPAY"
}
2018-12-13 15:52:57--- {	
	"uid":15,
	"token":"Ym1clm6YZWpsa5uVZA==",
	"postId":98,
	"bonusId":30,
	"payMethod":"ALIPAY"
}
2018-12-13 15:53:01--- {	
	"uid":15,
	"token":"Ym1clm6YZWpsa5uVZA==",
	"postId":99,
	"bonusId":30,
	"payMethod":"ALIPAY"
}
2018-12-13 15:53:07--- {	
	"uid":15,
	"token":"Ym1clm6YZWpsa5uVZA==",
	"postId":100,
	"bonusId":30,
	"payMethod":"ALIPAY"
}
2018-12-13 15:53:13--- {	
	"uid":15,
	"token":"Ym1clm6YZWpsa5uVZA==",
	"postId":101,
	"bonusId":30,
	"payMethod":"ALIPAY"
}
2018-12-13 15:53:18--- {	
	"uid":15,
	"token":"Ym1clm6YZWpsa5uVZA==",
	"postId":102,
	"bonusId":30,
	"payMethod":"ALIPAY"
}
2018-12-13 15:53:22--- {	
	"uid":15,
	"token":"Ym1clm6YZWpsa5uVZA==",
	"postId":103,
	"bonusId":30,
	"payMethod":"ALIPAY"
}
2018-12-13 18:03:05--- {"mobile":"18695801820","password":"123123"}
2018-12-13 19:04:21--- {"mobile":"18695801820","password":"123456"}
2018-12-13 19:36:42--- {"token":"Ym1clm6YZ2trap2aZQ==","uid":"15","content":"Dsfsdfsdf","contacts_man":"Dad","contacts_mobile":"Fdfdf","title":"2334","type":"中餐厅"}
2018-12-13 19:42:05--- {"token":"Ym1clm6YZ2trap2aZQ==","uid":"15","content":"Wee wee","contacts_man":"124124","contacts_mobile":"424241","title":"123123","type":"中餐厅"}
2018-12-14 09:43:39--- {
	"token": "Ym1clm6YZWpsa5uVZA==",
	"uid": "15",
	"type": "租车用车",
	"title": "租车用车找谁0011！",
	"content": "租车用车？me！！！！免押金！！！！！",
	"contacts_man": "IceMan",
	"contacts_mobile": "79011111111"
}
2018-12-14 09:43:57--- {	
	"uid":15,
	"token":"Ym1clm6YZWpsa5uVZA==",
	"postId":105,
	"payMethod":"ALIPAY"
}
2018-12-14 09:52:05--- {"token":"Ym1clm6YZ2trap2aZQ==","uid":"15","content":"Fsdfasdf","contacts_man":"324234","contacts_mobile":"R23r23","title":"Visiting","type":"中餐厅"}
2018-12-14 09:53:27--- {"token":"Ym1clm6YZ2trap2aZQ==","uid":"15","content":"Fad fad","contacts_man":"32423424","contacts_mobile":"234123124","title":"Fdfdf","type":"中餐厅"}
2018-12-14 09:54:42--- {"token":"Ym1clm6YZ2trap2aZQ==","uid":"15","content":"Fasdfasdf","contacts_man":"324234","contacts_mobile":"534534534534","title":"34234","type":"国际机票"}
2018-12-14 09:56:15--- {"token":"Ym1clm6YZ2trap2aZQ==","uid":"15","content":"123123","contacts_man":"43432","contacts_mobile":"5345345435","title":"Jgjgjfg","type":"求租求购"}
2018-12-14 09:57:51--- {"token":"Ym1clm6YZ2trap2aZQ==","uid":"15","content":"123123","contacts_man":"432","contacts_mobile":"23","title":"324","type":"租车-用车"}
2018-12-14 09:58:38--- {"token":"Ym1clm6YZ2trap2aZQ==","uid":"15","content":"234234","contacts_man":"432412","contacts_mobile":"313123","title":"Disaffected","type":"中餐厅"}
2018-12-14 09:59:59--- {"token":"Ym1clm6YZ2trap2aZQ==","uid":"15","content":"1111","contacts_man":"1111","contacts_mobile":"11111","title":"Fasdflkj","type":"中餐厅"}
2018-12-14 10:05:56--- {"token":"Ym1clm6YZ2trap2aZQ==","uid":"15","content":"1111","contacts_man":"123123","contacts_mobile":"111","title":"Fdfdf","type":"中餐厅"}
2018-12-14 10:06:05--- {"uid":"15","token":"Ym1clm6YZ2trap2aZQ==","postId":113,"payMethod":"ALIPAY"}
2018-12-14 12:52:29--- {
	"token": "Ym1clm6YZWpsa5uVZA==",
	"uid": "15",
	"type": "租车用车",
	"title": "租车用车找谁0012！",
	"content": "租车用车？me！！！！免押金！！！！！",
	"contacts_man": "IceMan",
	"contacts_mobile": "79011111111"
}
2018-12-14 12:52:43--- {	
	"uid":15,
	"token":"Ym1clm6YZWpsa5uVZA==",
	"postId":114,
	"payMethod":"WECHAT"
}
2018-12-14 12:53:42--- {	
	"uid":15,
	"token":"Ym1clm6YZWpsa5uVZA==",
	"postId":114,
	"payMethod":"WECHAT"
}
2018-12-14 12:55:09--- {	
	"uid":15,
	"token":"Ym1clm6YZWpsa5uVZA==",
	"postId":114,
	"payMethod":"WECHAT"
}
2018-12-14 12:55:21--- {	
	"uid":15,
	"token":"Ym1clm6YZWpsa5uVZA==",
	"postId":114,
	"payMethod":"WECHAT"
}
2018-12-14 12:55:27--- {	
	"uid":15,
	"token":"Ym1clm6YZWpsa5uVZA==",
	"postId":114,
	"payMethod":"WECHAT"
}
2018-12-14 12:55:28--- {	
	"uid":15,
	"token":"Ym1clm6YZWpsa5uVZA==",
	"postId":114,
	"payMethod":"WECHAT"
}
2018-12-14 12:56:12--- {	
	"uid":15,
	"token":"Ym1clm6YZWpsa5uVZA==",
	"postId":114,
	"payMethod":"WECHAT"
}
2018-12-14 12:56:19--- {	
	"uid":15,
	"token":"Ym1clm6YZWpsa5uVZA==",
	"postId":114,
	"payMethod":"WECHAT"
}
2018-12-14 12:56:41--- {	
	"uid":15,
	"token":"Ym1clm6YZWpsa5uVZA==",
	"postId":114,
	"payMethod":"WECHAT"
}
2018-12-14 12:56:45--- {	
	"uid":15,
	"token":"Ym1clm6YZWpsa5uVZA==",
	"postId":114,
	"payMethod":"WECHAT"
}
2018-12-14 12:57:33--- {	
	"uid":15,
	"token":"Ym1clm6YZWpsa5uVZA==",
	"postId":114,
	"payMethod":"WECHAT"
}
2018-12-14 12:58:27--- {	
	"uid":15,
	"token":"Ym1clm6YZWpsa5uVZA==",
	"postId":114,
	"payMethod":"WECHAT"
}
2018-12-14 12:58:43--- {	
	"uid":15,
	"token":"Ym1clm6YZWpsa5uVZA==",
	"postId":114,
	"payMethod":"WECHAT"
}
2018-12-14 12:58:59--- {	
	"uid":15,
	"token":"Ym1clm6YZWpsa5uVZA==",
	"postId":114,
	"payMethod":"WECHAT"
}
2018-12-14 12:59:24--- {	
	"uid":15,
	"token":"Ym1clm6YZWpsa5uVZA==",
	"postId":114,
	"payMethod":"WECHAT"
}
2018-12-14 12:59:40--- {	
	"uid":15,
	"token":"Ym1clm6YZWpsa5uVZA==",
	"postId":114,
	"payMethod":"WECHAT"
}
2018-12-14 12:59:48--- {	
	"uid":15,
	"token":"Ym1clm6YZWpsa5uVZA==",
	"postId":114,
	"payMethod":"WECHAT"
}
2018-12-14 13:01:28--- {	
	"uid":15,
	"token":"Ym1clm6YZWpsa5uVZA==",
	"postId":114,
	"payMethod":"WECHAT"
}
2018-12-14 13:01:44--- {	
	"uid":15,
	"token":"Ym1clm6YZWpsa5uVZA==",
	"postId":114,
	"payMethod":"WECHAT"
}
2018-12-14 13:02:21--- {	
	"uid":15,
	"token":"Ym1clm6YZWpsa5uVZA==",
	"postId":114,
	"payMethod":"WECHAT"
}
2018-12-14 13:05:37--- {	
	"uid":15,
	"token":"Ym1clm6YZWpsa5uVZA==",
	"postId":114,
	"payMethod":"WECHAT"
}
2018-12-14 13:05:50--- {	
	"uid":15,
	"token":"Ym1clm6YZWpsa5uVZA==",
	"postId":114,
	"payMethod":"WECHAT"
}
2018-12-14 13:05:55--- {	
	"uid":15,
	"token":"Ym1clm6YZWpsa5uVZA==",
	"postId":114,
	"payMethod":"WECHAT"
}
2018-12-14 13:09:07--- {	
	"uid":15,
	"token":"Ym1clm6YZWpsa5uVZA==",
	"postId":114,
	"payMethod":"WECHAT"
}
2018-12-14 13:11:44--- {	
	"uid":15,
	"token":"Ym1clm6YZWpsa5uVZA==",
	"postId":114,
	"payMethod":"WECHAT"
}
2018-12-14 13:12:04--- {	
	"uid":15,
	"token":"Ym1clm6YZWpsa5uVZA==",
	"postId":114,
	"payMethod":"WECHAT"
}
2018-12-14 13:12:14--- {	
	"uid":15,
	"token":"Ym1clm6YZWpsa5uVZA==",
	"postId":114,
	"payMethod":"WECHAT"
}
2018-12-14 13:12:33--- {	
	"uid":15,
	"token":"Ym1clm6YZWpsa5uVZA==",
	"postId":114,
	"payMethod":"WECHAT"
}
2018-12-14 13:12:52--- {	
	"uid":15,
	"token":"Ym1clm6YZWpsa5uVZA==",
	"postId":114,
	"payMethod":"WECHAT"
}
2018-12-14 13:13:30--- {	
	"uid":15,
	"token":"Ym1clm6YZWpsa5uVZA==",
	"postId":114,
	"payMethod":"WECHAT"
}
2018-12-14 13:13:45--- {	
	"uid":15,
	"token":"Ym1clm6YZWpsa5uVZA==",
	"postId":114,
	"payMethod":"WECHAT"
}
2018-12-14 13:15:09--- {	
	"uid":15,
	"token":"Ym1clm6YZWpsa5uVZA==",
	"postId":114,
	"payMethod":"WECHAT"
}
2018-12-14 13:15:25--- {	
	"uid":15,
	"token":"Ym1clm6YZWpsa5uVZA==",
	"postId":114,
	"payMethod":"WECHAT"
}
2018-12-14 13:15:43--- {	
	"uid":15,
	"token":"Ym1clm6YZWpsa5uVZA==",
	"postId":114,
	"payMethod":"WECHAT"
}
2018-12-14 13:16:43--- {	
	"uid":15,
	"token":"Ym1clm6YZWpsa5uVZA==",
	"postId":114,
	"payMethod":"WECHAT"
}
2018-12-14 13:18:45--- {	
	"uid":15,
	"token":"Ym1clm6YZWpsa5uVZA==",
	"postId":114,
	"payMethod":"WECHAT"
}
2018-12-14 13:23:08--- {	
	"uid":15,
	"token":"Ym1clm6YZWpsa5uVZA==",
	"postId":114,
	"payMethod":"WECHAT"
}
2018-12-14 13:26:19--- {	
	"uid":15,
	"token":"Ym1clm6YZWpsa5uVZA==",
	"postId":114,
	"payMethod":"WECHAT"
}
2018-12-14 13:26:57--- {	
	"uid":15,
	"token":"Ym1clm6YZWpsa5uVZA==",
	"postId":114,
	"payMethod":"WECHAT"
}
2018-12-14 13:27:09--- {	
	"uid":15,
	"token":"Ym1clm6YZWpsa5uVZA==",
	"postId":114,
	"payMethod":"WECHAT"
}
2018-12-15 05:40:55--- {
	"token": "Ym1clm6YZWpsa5uVZA==",
	"uid": "15",
	"type": "租车用车",
	"title": "租车用车找谁0013！",
	"content": "租车用车？me！！！！免押金！！！！！",
	"contacts_man": "IceMan",
	"contacts_mobile": "79011111111"
}
2018-12-15 05:41:07--- {	
	"uid":15,
	"token":"Ym1clm6YZWpsa5uVZA==",
	"postId":115,
	"payMethod":"ALIPAY"
}
2018-12-15 05:41:28--- {	
	"uid":15,
	"token":"Ym1clm6YZWpsa5uVZA==",
	"postId":115,
	"payMethod":"ALIPAY"
}
2018-12-15 05:42:07--- {	
	"uid":15,
	"token":"Ym1clm6YZWpsa5uVZA==",
	"postId":115,
	"payMethod":"ALIPAY"
}
2018-12-15 05:42:32--- {	
	"uid":15,
	"token":"Ym1clm6YZWpsa5uVZA==",
	"postId":115,
	"payMethod":"ALIPAY"
}
2018-12-15 05:42:43--- {	
	"uid":15,
	"token":"Ym1clm6YZWpsa5uVZA==",
	"postId":115,
	"payMethod":"ALIPAY"
}
2018-12-15 05:59:42--- {	
	"uid":15,
	"token":"Ym1clm6YZWpsa5uVZA==",
	"postId":115,
	"payMethod":"ALIPAY"
}
2018-12-15 06:00:17--- {	
	"uid":15,
	"token":"Ym1clm6YZWpsa5uVZA==",
	"postId":115,
	"payMethod":"ALIPAY"
}
2018-12-15 06:08:51--- {	
	"uid":15,
	"token":"Ym1clm6YZWpsa5uVZA==",
	"postId":115,
	"payMethod":"ALIPAY"
}
2018-12-15 06:09:11--- {	
	"uid":15,
	"token":"Ym1clm6YZWpsa5uVZA==",
	"postId":114,
	"payMethod":"WECHAT"
}
2018-12-15 06:16:11--- {	
	"uid":15,
	"token":"Ym1clm6YZWpsa5uVZA==",
	"postId":114,
	"payMethod":"WECHAT"
}
2018-12-15 06:16:45--- {	
	"uid":15,
	"token":"Ym1clm6YZWpsa5uVZA==",
	"postId":114,
	"payMethod":"WECHAT"
}
2018-12-15 06:17:34--- {	
	"uid":15,
	"token":"Ym1clm6YZWpsa5uVZA==",
	"postId":114,
	"payMethod":"WECHAT"
}
2018-12-15 06:18:48--- {	
	"uid":15,
	"token":"Ym1clm6YZWpsa5uVZA==",
	"postId":115,
	"payMethod":"ALIPAY"
}
2018-12-15 06:19:16--- {	
	"uid":15,
	"token":"Ym1clm6YZWpsa5uVZA==",
	"postId":114,
	"payMethod":"WECHAT2"
}
2018-12-15 06:19:21--- {	
	"uid":15,
	"token":"Ym1clm6YZWpsa5uVZA==",
	"postId":114,
	"payMethod":"WECHAT"
}
2018-12-15 09:35:26--- {"token":"Ym1clm6YZ2trap2aZQ==","uid":"15","content":"123","contacts_man":"4324324","contacts_mobile":"21323","title":"1233123","type":"中餐厅"}
2018-12-15 09:35:39--- {"uid":"15","token":"Ym1clm6YZ2trap2aZQ==","postId":116,"payMethod":"ALIPAY"}
2018-12-15 09:42:02--- {	
	"uid":15,
	"token":"Ym1clm6YZWpsa5uVZA==",
	"postId":115,
	"payMethod":"ALIPAY"
}
2018-12-15 09:42:26--- {	
	"uid":15,
	"token":"Ym1clm6YZWpsa5uVZA==",
	"postId":115,
	"payMethod":"ALIPAY"
}
2018-12-15 09:42:31--- {	
	"uid":15,
	"token":"Ym1clm6YZWpsa5uVZA==",
	"postId":115,
	"payMethod":"ALIPAY"
}
2018-12-15 09:43:11--- {	
	"uid":15,
	"token":"Ym1clm6YZWpsa5uVZA==",
	"postId":115,
	"payMethod":"ALIPAY"
}
2018-12-15 09:44:26--- {	
	"uid":15,
	"token":"Ym1clm6YZWpsa5uVZA==",
	"postId":115,
	"payMethod":"ALIPAY"
}
2018-12-15 09:44:38--- {	
	"uid":15,
	"token":"Ym1clm6YZWpsa5uVZA==",
	"postId":115,
	"payMethod":"ALIPAY"
}
2018-12-15 09:44:47--- {	
	"uid":15,
	"token":"Ym1clm6YZWpsa5uVZA==",
	"postId":115,
	"payMethod":"ALIPAY"
}
2018-12-15 09:45:37--- {	
	"uid":15,
	"token":"Ym1clm6YZWpsa5uVZA==",
	"postId":115,
	"payMethod":"ALIPAY"
}
2018-12-15 09:45:47--- {	
	"uid":15,
	"token":"Ym1clm6YZWpsa5uVZA==",
	"postId":115,
	"payMethod":"ALIPAY"
}
2018-12-15 09:45:57--- {	
	"uid":15,
	"token":"Ym1clm6YZWpsa5uVZA==",
	"postId":114,
	"payMethod":"WECHAT"
}
2018-12-15 10:01:00--- {"uid":"15","token":"Ym1clm6YZ2trap2aZQ==","postId":116,"payMethod":"ALIPAY"}
2018-12-15 10:08:06--- {"token":"Ym1clm6YZ2hsaZyUbQ==","uid":"15","content":"明知送你","contacts_man":"46464","contacts_mobile":"6464664","title":"给你买","type":"求租求购"}
2018-12-15 10:08:10--- {"uid":"15","token":"Ym1clm6YZ2hsaZyUbQ==","postId":117,"payMethod":"ALIPAY"}
2018-12-15 10:10:24--- {"token":"Ym1clm6YZ2hsaZyUbQ==","uid":"15","content":"我有一百万","contacts_man":"刘超","contacts_mobile":"18695801820","title":"广告墙测试1","type":"生意转让"}
2018-12-15 10:10:27--- {"uid":"15","token":"Ym1clm6YZ2hsaZyUbQ==","postId":118,"payMethod":"ALIPAY"}
2018-12-15 10:18:51--- {"token":"Ym1clm6YZ2hsaZyUbQ==","uid":"15","content":"horn您","contacts_man":"就变","contacts_mobile":"64646644","title":"广告墙测试","type":"货币兑换"}
2018-12-15 10:18:56--- {"uid":"15","token":"Ym1clm6YZ2hsaZyUbQ==","postId":119,"payMethod":"ALIPAY"}
2018-12-15 10:32:23--- {	
	"uid":15,
	"token":"Ym1clm6YZWpsa5uVZA==",
	"postId":115,
	"payMethod":"ALIPAY"
}
2018-12-15 10:32:56--- {	
	"uid":15,
	"token":"Ym1clm6YZWpsa5uVZA==",
	"postId":115,
	"payMethod":"ALIPAY"
}
2018-12-15 10:35:52--- {	
	"uid":15,
	"token":"Ym1clm6YZWpsa5uVZA==",
	"postId":115,
	"payMethod":"ALIPAY"
}
2018-12-15 10:37:16--- {	
	"uid":15,
	"token":"Ym1clm6YZWpsa5uVZA==",
	"postId":115,
	"payMethod":"ALIPAY"
}
2018-12-15 10:37:27--- {	
	"uid":15,
	"token":"Ym1clm6YZWpsa5uVZA==",
	"postId":115,
	"payMethod":"ALIPAY"
}
2018-12-15 10:45:33--- {	
	"uid":15,
	"token":"Ym1clm6YZWpsa5uVZA==",
	"postId":115,
	"payMethod":"ALIPAY"
}
2018-12-15 10:54:48--- {	
	"uid":15,
	"token":"Ym1clm6YZWpsa5uVZA==",
	"postId":115,
	"payMethod":"ALIPAY"
}
2018-12-15 10:55:10--- {	
	"uid":15,
	"token":"Ym1clm6YZWpsa5uVZA==",
	"postId":115,
	"payMethod":"ALIPAY"
}
2018-12-15 10:58:28--- {	
	"uid":15,
	"token":"Ym1clm6YZWpsa5uVZA==",
	"postId":115,
	"payMethod":"ALIPAY"
}
2018-12-15 10:59:43--- {"token":"Ym1clm6YZ2hsaZyUbQ==","uid":"15","content":"OK你嘻嘻嘻嘻","contacts_man":"即墨市","contacts_mobile":"999-999-999","title":"工资装","type":"中餐厅"}
2018-12-15 10:59:45--- {"uid":"15","token":"Ym1clm6YZ2hsaZyUbQ==","postId":120,"payMethod":"ALIPAY"}
2018-12-15 11:08:12--- {"mobile":"18695801820","password":"123123"}
2018-12-15 11:08:15--- {"mobile":"18695801820","password":"123123"}
2018-12-15 11:08:17--- {"mobile":"18695801820","password":"123123"}
2018-12-15 11:08:18--- {"mobile":"18695801820","password":"123123"}
2018-12-15 11:08:18--- {"mobile":"18695801820","password":"123123"}
2018-12-15 11:08:29--- {"mobile":"18695801820","password":"123123"}
2018-12-15 11:09:39--- 
2018-12-15 11:09:44--- {"mobile":"18695801820","password":"123123"}
2018-12-15 11:09:49--- {"mobile":"18695801820","password":"123456"}
2018-12-15 11:09:55--- {"mobile":"18695801820","password":"123456"}
2018-12-15 11:10:13--- {"token":"Ym1clm6YZ2xwZZadaQ==","uid":"15","content":"","contacts_man":"","contacts_mobile":"","title":"哈哈哈哈哈tao","type":"中餐厅"}
2018-12-15 11:11:53--- {"token":"Ym1clm6YZ2xwZZadaQ==","uid":"15","content":"开手机手机手机手机卡","contacts_man":"我们","contacts_mobile":"17621090121","title":"以为啥时候才能","type":"签证办理"}
2018-12-15 11:12:06--- {"uid":"15","token":"Ym1clm6YZ2xwZZadaQ==","postId":121,"payMethod":"ALIPAY"}
2018-12-15 11:12:18--- {"uid":"15","token":"Ym1clm6YZ2xwZZadaQ==","postId":121,"payMethod":"ALIPAY"}
2018-12-15 11:13:42--- {"uid":"15","token":"Ym1clm6YZ2xwZZadaQ==","postId":121,"payMethod":"ALIPAY"}
2018-12-15 11:29:45--- {"uid":"15","token":"Ym1clm6YZ2xwZZadaQ==","postId":121,"payMethod":"ALIPAY"}
2018-12-15 11:34:20--- {"token":"Ym1clm6YZ2xwZZadaQ==","uid":"15","content":"开手机手机手机手机卡","contacts_man":"我们","contacts_mobile":"17621090121","title":"以为啥时候才能","type":"签证办理"}
2018-12-15 11:57:14--- {"token":"Ym1clm6YZ2xwZZadaQ==","uid":"15","content":"开手机手机手机手机卡","contacts_man":"我们","contacts_mobile":"17621090121","title":"以为啥时候才能","type":"签证办理"}
2018-12-15 11:58:07--- {"token":"Ym1clm6YZ2xwZZadaQ==","uid":"15","content":"开手机手机手机手机卡","contacts_man":"我们","contacts_mobile":"17621090121","title":"以为啥时候才能","type":"签证办理"}
2018-12-15 11:59:08--- {"token":"Ym1clm6YZ2xwZZadaQ==","uid":"15","content":"开手机手机手机手机卡","contacts_man":"我们","contacts_mobile":"17621090121","title":"以为啥时候才能","type":"签证办理"}
2018-12-15 12:12:50--- {"token":"Ym1clm6YZ2xwZZadaQ==","uid":"15","content":"开手机手机手机手机卡","contacts_man":"我们","contacts_mobile":"17621090121","title":"以为啥时候才能","type":"签证办理"}
2018-12-15 12:24:19--- {"token":"Ym1clm6YZ2xwZZadaQ==","uid":"15","content":"开手机手机手机手机卡","contacts_man":"我们","contacts_mobile":"17621090121","title":"以为啥时候才能","type":"签证办理"}
2018-12-15 16:52:42--- {"token":"Ym1clm6YZ2trap2aZQ==","uid":"15","content":"Dfkalf","contacts_man":"12371239","contacts_mobile":"12412759134","title":"Fdsjfl","type":"国际机票"}
2018-12-15 16:54:39--- {"token":"Ym1clm6YZ2trap2aZQ==","uid":"15","content":"Sjdfljasdf\t","contacts_man":"Liam Izzy","contacts_mobile":"08950830423","title":"Fjksdlfjsd","type":"租车-用车"}
2018-12-15 16:55:29--- {"token":"Ym1clm6YZ2trap2aZQ==","uid":"15","content":"Qqqq","contacts_man":"Wwww","contacts_mobile":"111919191","title":"Fjkdsjflk","type":"帮忙捎带"}
2018-12-15 17:49:15--- {"token":"Ym1clm6YZ2trap2aZQ==","uid":"15","content":"Fsdafsadf","contacts_man":"13123","contacts_mobile":"4235325234","title":"234","type":"中餐厅"}
2018-12-15 17:59:02--- {"token":"Ym1clm6YZ2trap2aZQ==","uid":"15","content":"Fsdfjksdf","contacts_man":"123123123","contacts_mobile":"112313","title":"Regal","type":"国际机票"}
2018-12-15 18:00:00--- {"token":"Ym1clm6YZ2trap2aZQ==","uid":"15","content":"Vcxvxcvxcv","contacts_man":"19900000000","contacts_mobile":"123123","title":"Faksdlfj","type":"求租求购"}
2018-12-15 18:03:26--- {"mobile":"18695801820","password":"123123"}
2018-12-15 18:03:33--- {"mobile":"18695801820","password":"123123"}
2018-12-15 18:03:46--- {"mobile":"18695801820","password":"123123"}
2018-12-15 18:04:41--- {"mobile":"18695801820","password":"123123"}
2018-12-15 18:04:43--- {"mobile":"18695801820","password":"123123"}
2018-12-15 18:04:46--- {"mobile":"18695801820","password":"123123"}
2018-12-15 18:05:22--- 
2018-12-15 18:05:35--- 
2018-12-16 00:43:44--- {"mobile":"18695801820","password":"123123"}
2018-12-16 00:43:46--- {"mobile":"18695801820","password":"123123"}
2018-12-16 00:43:46--- {"mobile":"18695801820","password":"123123"}
2018-12-16 00:43:48--- {"mobile":"18695801820","password":"123123"}
2018-12-16 08:16:39--- {"mobile":"18695801820","password":"123123"}
2018-12-16 08:17:26--- {"mobile":"18695801820","password":"123123"}
2018-12-16 08:17:32--- {"mobile":"18695801820","password":"123456"}
2018-12-16 11:28:32--- {"mobile":"18695801820","password":"123123"}
2018-12-16 12:16:24--- 
2018-12-16 12:18:45--- ------WebKitFormBoundaryyisM5AMugALJoldA
Content-Disposition: form-data; name="mobile"

18695801820
------WebKitFormBoundaryyisM5AMugALJoldA
Content-Disposition: form-data; name="password"

123123
------WebKitFormBoundaryyisM5AMugALJoldA--

2018-12-16 12:29:23--- {"mobile":"18695801820","password":"123123"}
2018-12-16 12:30:37--- {"mobile":"18695801820","password":"123123"}
2018-12-16 12:32:34--- {"mobile":"18695801820","password":"123456"}
2018-12-16 12:48:00--- {"token":"Ym1clm6YZ2hsaZyUbQ==","uid":"15","content":"呵呵你虐可怜","contacts_man":"你你你","contacts_mobile":"18695801820","title":"明年","type":"国际机票"}
2018-12-16 12:50:03--- {"token":"Ym1clm6YZ2hsaZyUbQ==","uid":"15","content":"哦lol哦咯","contacts_man":"哦婆婆","contacts_mobile":"646643738","title":"let副墨镜","type":"国际机票"}
2018-12-16 13:03:25--- {"token":"Ym1clm6YZ2hsaZyUbQ==","uid":"15","content":"医学院校有影响","contacts_man":"一点一点","contacts_mobile":"727273","title":"更喜欢幻想","type":"国际机票"}
2018-12-16 13:04:52--- {"token":"Ym1clm6YZ2hsaZyUbQ==","uid":"15","content":"将大奖大奖","contacts_man":"活动将大奖大奖","contacts_mobile":"672717","title":"将现金大奖大奖","type":"求租求购"}
2018-12-16 13:06:24--- {"token":"Ym1clm6YZ2hsaZyUbQ==","uid":"15","content":"等你","contacts_man":"明年","contacts_mobile":"46466464","title":"过敏你你你","type":"租车-用车"}
2018-12-16 13:08:11--- {"token":"Ym1clm6YZ2hsaZyUbQ==","uid":"15","content":"滴滴滴","contacts_man":"爹地","contacts_mobile":"6464637","title":"中共","type":"租车-用车"}
2018-12-16 13:10:01--- {"token":"Ym1clm6YZ2hsaZyUbQ==","uid":"15","content":"虐热热","contacts_man":"紧迫感","contacts_mobile":"64646944","title":"你你你","type":"国际机票"}
2018-12-16 13:26:24--- {"token":"Ym1clm6YZ2hsaZyUbQ==","uid":"15","content":"哦肉嘟嘟","contacts_man":"明年","contacts_mobile":"6464988","title":"明明","type":"求租求购"}
2018-12-16 13:27:14--- {"token":"Ym1clm6YZ2hsaZyUbQ==","uid":"15","content":"MSN热热个","contacts_man":"默契","contacts_mobile":"64646688","title":"二都特","type":"求租求购"}
2018-12-16 13:29:35--- {"token":"Ym1clm6YZ2hsaZyUbQ==","uid":"15","content":"儿女诺","contacts_man":"哦婆婆","contacts_mobile":"6463437","title":"明年","type":"国际机票"}
2018-12-16 13:30:45--- {"token":"Ym1clm6YZ2hsaZyUbQ==","uid":"15","content":"MP3喝可乐","contacts_man":"哦婆婆","contacts_mobile":"464383","title":"倪敏热度","type":"国际机票"}
2018-12-16 13:33:14--- {"token":"Ym1clm6YZ2hsaZyUbQ==","uid":"15","content":"拒绝付款风景","contacts_man":"明年","contacts_mobile":"66882","title":"哦了额可怜","type":"国际机票"}
2018-12-16 13:34:40--- {"token":"Ym1clm6YZ2hsaZyUbQ==","uid":"15","content":"爹口福","contacts_man":"迷迷糊糊","contacts_mobile":"264678","title":"我哥哥","type":"求租求购"}
