2018-12-15 11:34:14--- {"uid":"15","token":"Ym1clm6YZ2xwZZadaQ==","postId":121,"payMethod":"ALIPAY"}
2018-12-15 11:34:24--- {"uid":"15","token":"Ym1clm6YZ2xwZZadaQ==","postId":122,"payMethod":"ALIPAY"}
2018-12-15 11:34:38--- {"uid":"15","token":"Ym1clm6YZ2xwZZadaQ==","postId":122,"payMethod":"ALIPAY"}
2018-12-15 11:35:23--- {"uid":"15","token":"Ym1clm6YZ2xwZZadaQ==","postId":122,"payMethod":"ALIPAY"}
2018-12-15 11:35:26--- {"uid":"15","token":"Ym1clm6YZ2xwZZadaQ==","postId":122,"payMethod":"ALIPAY"}
2018-12-15 11:35:27--- {"uid":"15","token":"Ym1clm6YZ2xwZZadaQ==","postId":122,"payMethod":"ALIPAY"}
2018-12-15 11:35:28--- {"uid":"15","token":"Ym1clm6YZ2xwZZadaQ==","postId":122,"payMethod":"ALIPAY"}
2018-12-15 11:35:29--- {"uid":"15","token":"Ym1clm6YZ2xwZZadaQ==","postId":122,"payMethod":"ALIPAY"}
2018-12-15 11:35:29--- {"uid":"15","token":"Ym1clm6YZ2xwZZadaQ==","postId":122,"payMethod":"ALIPAY"}
2018-12-15 11:39:49--- {"uid":"15","token":"Ym1clm6YZ2xwZZadaQ==","postId":122,"payMethod":"ALIPAY"}
2018-12-15 11:41:15--- {"uid":"15","token":"Ym1clm6YZ2xwZZadaQ==","postId":122,"payMethod":"ALIPAY"}
2018-12-15 11:41:21--- {"uid":"15","token":"Ym1clm6YZ2xwZZadaQ==","postId":122,"payMethod":"ALIPAY"}
2018-12-15 11:41:25--- {"uid":"15","token":"Ym1clm6YZ2xwZZadaQ==","postId":122,"payMethod":"ALIPAY"}
2018-12-15 11:41:32--- {"uid":"15","token":"Ym1clm6YZ2xwZZadaQ==","postId":122,"payMethod":"ALIPAY"}
2018-12-15 11:41:44--- {"uid":"15","token":"Ym1clm6YZ2xwZZadaQ==","postId":122,"payMethod":"ALIPAY"}
2018-12-15 11:54:47--- {"uid":"15","token":"Ym1clm6YZ2xwZZadaQ==","postId":122,"payMethod":"ALIPAY"}
2018-12-15 11:55:26--- {"uid":"15","token":"Ym1clm6YZ2xwZZadaQ==","postId":122,"payMethod":"ALIPAY"}
2018-12-15 11:55:44--- {"uid":"15","token":"Ym1clm6YZ2xwZZadaQ==","postId":122,"payMethod":"ALIPAY"}
2018-12-15 11:56:33--- {"uid":"15","token":"Ym1clm6YZ2xwZZadaQ==","postId":122,"payMethod":"ALIPAY"}
2018-12-15 11:57:16--- {"uid":"15","token":"Ym1clm6YZ2xwZZadaQ==","postId":123,"payMethod":"ALIPAY"}
2018-12-15 11:58:09--- {"uid":"15","token":"Ym1clm6YZ2xwZZadaQ==","postId":124,"payMethod":"ALIPAY"}
2018-12-15 11:59:10--- {"uid":"15","token":"Ym1clm6YZ2xwZZadaQ==","postId":125,"payMethod":"ALIPAY"}
2018-12-15 12:12:53--- {"uid":"15","token":"Ym1clm6YZ2xwZZadaQ==","postId":126,"payMethod":"ALIPAY"}
2018-12-15 12:21:54--- gmt_create=2018-12-15+19%3A57%3A13&charset=UTF-8&seller_email=easonsi%40luehekeji.com&subject=%E8%9C%97%E7%89%9B%E6%97%B6%E4%BB%A3%E5%B9%BF%E5%91%8A%E8%B4%B9123&sign=eIgjlKuGeaxjQBEOED%2FH8Ix5ehotQGqBCMu6HhDrojSbOX6d7PXtkQCa%2B%2BLvPFOYsotUSYUigwU29uRPq%2FAjQJEKyS2TFK0yqll1tf3jiFcxYlWncsdo0SwwR8NLx%2Fx4hCG6unqw3FJrRTb6vjv1r840I0ET1QVK1GLOs2ci5qajDY03kWWndRroUNcUVvwv%2F6hOvNEE5qj8YE2j%2FiAcfV8q6%2FLPJgttmDG46WbwHZp78IkgdwZTEUAXXXgq%2FgM5ic6a4XU4%2Fx1aMYLosBFN7rhSR2E2oyNfTV7X8%2BpFneIRhdKMHdh8HwwZQSedkdP05hlWJsoMpdWInS%2B6UYJEnQ%3D%3D&body=%E4%B8%80%E7%AC%94%E5%B9%BF%E5%91%8A%E8%B4%B9&buyer_id=2088202883336997&invoice_amount=0.01&notify_id=2018121500222195714036990505564789&fund_bill_list=%5B%7B%22amount%22%3A%220.01%22%2C%22fundChannel%22%3A%22PCREDIT%22%7D%5D&notify_type=trade_status_sync&trade_status=TRADE_SUCCESS&receipt_amount=0.01&app_id=2018110862076568&buyer_pay_amount=0.01&sign_type=RSA2&seller_id=2088311809537634&gmt_payment=2018-12-15+19%3A57%3A14&notify_time=2018-12-15+20%3A21%3A48&version=1.0&out_trade_no=%E8%9C%97%E7%89%9B%E6%97%B6%E4%BB%A3%E5%B9%BF%E5%91%8A%E8%B4%B9123&total_amount=0.01&trade_no=2018121522001436990552855364&auth_app_id=2018110862076568&buyer_logon_id=gei***%40126.com&point_amount=0.00
2018-12-15 12:24:21--- {"uid":"15","token":"Ym1clm6YZ2xwZZadaQ==","postId":127,"payMethod":"ALIPAY"}
2018-12-15 16:54:48--- {"uid":"15","token":"Ym1clm6YZ2trap2aZQ==","postId":129,"payMethod":"ALIPAY"}
2018-12-15 16:55:32--- {"uid":"15","token":"Ym1clm6YZ2trap2aZQ==","postId":130,"payMethod":"WECHAT"}
2018-12-16 12:48:03--- {"uid":"15","token":"Ym1clm6YZ2hsaZyUbQ==","postId":134,"payMethod":"WECHAT"}
2018-12-16 12:50:08--- {"uid":"15","token":"Ym1clm6YZ2hsaZyUbQ==","postId":135,"payMethod":"WECHAT"}
2018-12-16 13:03:28--- {"uid":"15","token":"Ym1clm6YZ2hsaZyUbQ==","postId":136,"payMethod":"ALIPAY"}
2018-12-16 13:04:58--- {"uid":"15","token":"Ym1clm6YZ2hsaZyUbQ==","postId":137,"payMethod":"WECHAT"}
2018-12-16 13:06:27--- {"uid":"15","token":"Ym1clm6YZ2hsaZyUbQ==","postId":138,"payMethod":"WECHAT"}
2018-12-16 13:06:47--- {"uid":"15","token":"Ym1clm6YZ2xwZZadaQ==","postId":122,"payMethod":"ALIPAY"}
2018-12-16 13:07:47--- {"uid":"15","token":"Ym1clm6YZ2xwZZadaQ==","postId":121,"payMethod":"WECHAT"}
2018-12-16 13:08:16--- {"uid":"15","token":"Ym1clm6YZ2hsaZyUbQ==","postId":139,"payMethod":"WECHAT"}
2018-12-16 13:08:28--- {"uid":"15","token":"Ym1clm6YZ2xwZZadaQ==","postId":138,"payMethod":"WECHAT"}
2018-12-16 13:10:04--- {"uid":"15","token":"Ym1clm6YZ2hsaZyUbQ==","postId":140,"payMethod":"WECHAT"}
2018-12-16 13:10:12--- {"uid":"15","token":"Ym1clm6YZ2hsaZyUbQ==","postId":140,"payMethod":"WECHAT"}
2018-12-16 13:26:26--- {"uid":"15","token":"Ym1clm6YZ2hsaZyUbQ==","postId":141,"payMethod":"WECHAT"}
2018-12-16 13:27:17--- {"uid":"15","token":"Ym1clm6YZ2hsaZyUbQ==","postId":142,"payMethod":"WECHAT"}
2018-12-16 13:27:51--- {"uid":"15","token":"Ym1clm6YZ2hsaZyUbQ==","postId":142,"payMethod":"WECHAT"}
2018-12-16 13:29:38--- {"uid":"15","token":"Ym1clm6YZ2hsaZyUbQ==","postId":143,"payMethod":"WECHAT"}
2018-12-16 13:30:47--- {"uid":"15","token":"Ym1clm6YZ2hsaZyUbQ==","postId":144,"payMethod":"WECHAT"}
2018-12-16 13:33:16--- {"uid":"15","token":"Ym1clm6YZ2hsaZyUbQ==","postId":145,"payMethod":"WECHAT"}
2018-12-16 13:34:42--- {"uid":"15","token":"Ym1clm6YZ2hsaZyUbQ==","postId":146,"payMethod":"WECHAT"}
2018-12-16 13:46:27--- {"uid":"15","token":"Ym1clm6YZ2xwZZadaQ==","postId":138,"payMethod":"WECHAT"}
2018-12-16 13:46:35--- {"uid":"15","token":"Ym1clm6YZ2xwZZadaQ==","postId":138,"payMethod":"WECHAT"}
